#-----------------------------------------------------------
# Vivado v2017.4 (64-bit)
# SW Build 2086221 on Fri Dec 15 20:55:39 MST 2017
# IP Build 2085800 on Fri Dec 15 22:25:07 MST 2017
# Start of session at: Thu Apr 18 22:13:16 2019
# Process ID: 5972
# Current directory: E:/Vivado/course_s2_sdk/01_ps_led
# Command line: vivado.exe -gui_launcher_event rodinguilauncherevent1280 E:\Vivado\course_s2_sdk\01_ps_led\ps_led.xpr
# Log file: E:/Vivado/course_s2_sdk/01_ps_led/vivado.log
# Journal file: E:/Vivado/course_s2_sdk/01_ps_led\vivado.jou
#-----------------------------------------------------------
start_gui
open_project E:/Vivado/course_s2_sdk/01_ps_led/ps_led.xpr
INFO: [Project 1-313] Project file moved from 'F:/intel_project/AX7010/01_ps_led' since last save.
Scanning sources...
Finished scanning sources
INFO: [IP_Flow 19-234] Refreshing IP repositories
INFO: [IP_Flow 19-1704] No user IP repositories specified
INFO: [IP_Flow 19-2313] Loaded Vivado IP repository 'D:/Xilinx/Vivado/2017.4/data/ip'.
oERROR: [Vivado 12-106] *** Exception: java.lang.reflect.InvocationTargetException (See E:/Vivado/course_s2_sdk/01_ps_led/vivado_pid6188.debug)
opreset_run synth_1
launch_runs impl_1 -to_step write_bitstream -jobs 2
[Thu Apr 18 22:18:49 2019] Launched synth_1...
Run output will be captured here: E:/Vivado/course_s2_sdk/01_ps_led/ps_led.runs/synth_1/runme.log
[Thu Apr 18 22:18:49 2019] Launched impl_1...
Run output will be captured here: E:/Vivado/course_s2_sdk/01_ps_led/ps_led.runs/impl_1/runme.log
open_run impl_1
INFO: [Project 1-479] Netlist was created with Vivado 2017.4
INFO: [Device 21-403] Loading part xc7z010clg400-1
INFO: [Project 1-570] Preparing netlist for logic optimization
Parsing XDC File [E:/Vivado/course_s2_sdk/01_ps_led/.Xil/Vivado-5972-DESKTOP-PFLIJ5D/dcp1/top_wrapper_early.xdc]
Finished Parsing XDC File [E:/Vivado/course_s2_sdk/01_ps_led/.Xil/Vivado-5972-DESKTOP-PFLIJ5D/dcp1/top_wrapper_early.xdc]
Reading XDEF placement.
Reading placer database...
Reading XDEF routing.
Read XDEF File: Time (s): cpu = 00:00:01 ; elapsed = 00:00:00.429 . Memory (MB): peak = 1078.371 ; gain = 0.117
Restored from archive | CPU: 1.000000 secs | Memory: 0.000000 MB |
Finished XDEF File Restore: Time (s): cpu = 00:00:01 ; elapsed = 00:00:00.429 . Memory (MB): peak = 1078.371 ; gain = 0.117
INFO: [Project 1-111] Unisim Transformation Summary:
No Unisim elements were transformed.

open_run: Time (s): cpu = 00:00:18 ; elapsed = 00:00:17 . Memory (MB): peak = 1162.633 ; gain = 396.750
launch_sdk -workspace E:/Vivado/course_s2_sdk/01_ps_led/ps_led.sdk -hwspec E:/Vivado/course_s2_sdk/01_ps_led/ps_led.sdk/top_wrapper.hdf
INFO: [Vivado 12-393] Launching SDK...
INFO: [Vivado 12-417] Running xsdk -workspace E:/Vivado/course_s2_sdk/01_ps_led/ps_led.sdk -hwspec E:/Vivado/course_s2_sdk/01_ps_led/ps_led.sdk/top_wrapper.hdf
INFO: [Vivado 12-3157] SDK launch initiated. Please check console for any further messages.
exit
INFO: [Common 17-206] Exiting Vivado at Fri Apr 19 09:59:02 2019...
