#-----------------------------------------------------------
# Vivado v2017.4 (64-bit)
# SW Build 2086221 on Fri Dec 15 20:55:39 MST 2017
# IP Build 2085800 on Fri Dec 15 22:25:07 MST 2017
# Start of session at: Tue May  7 00:07:08 2019
# Process ID: 10772
# Current directory: E:/Vivado/course_s2_sdk/01_ps_led
# Command line: vivado.exe -gui_launcher_event rodinguilauncherevent9816 E:\Vivado\course_s2_sdk\01_ps_led\ps_led.xpr
# Log file: E:/Vivado/course_s2_sdk/01_ps_led/vivado.log
# Journal file: E:/Vivado/course_s2_sdk/01_ps_led\vivado.jou
#-----------------------------------------------------------
start_gui
open_project E:/Vivado/course_s2_sdk/01_ps_led/ps_led.xpr
Scanning sources...
Finished scanning sources
INFO: [IP_Flow 19-234] Refreshing IP repositories
INFO: [IP_Flow 19-1704] No user IP repositories specified
INFO: [IP_Flow 19-2313] Loaded Vivado IP repository 'D:/Xilinx/Vivado/2017.4/data/ip'.
open_project: Time (s): cpu = 00:00:12 ; elapsed = 00:00:11 . Memory (MB): peak = 765.930 ; gain = 80.063
update_compile_order -fileset sources_1
launch_sdk -workspace E:/Vivado/course_s2_sdk/01_ps_led/ps_led.sdk -hwspec E:/Vivado/course_s2_sdk/01_ps_led/ps_led.sdk/top_wrapper.hdf
INFO: [Vivado 12-393] Launching SDK...
INFO: [Vivado 12-417] Running xsdk -workspace E:/Vivado/course_s2_sdk/01_ps_led/ps_led.sdk -hwspec E:/Vivado/course_s2_sdk/01_ps_led/ps_led.sdk/top_wrapper.hdf
INFO: [Vivado 12-3157] SDK launch initiated. Please check console for any further messages.
