#-----------------------------------------------------------
# Webtalk v2017.4 (64-bit)
# SW Build 2086221 on Fri Dec 15 20:55:39 MST 2017
# 
# Start of session at: Mon Jul  2 20:30:48 2018
# Process ID: 1928
# Current directory: D:/intel_project/AX7015/new/01_ps_mio/ps_led.sdk/webtalk
# Command line: wbtcv.exe -mode batch -source sdk_webtalk.tcl
# Log file: D:/intel_project/AX7015/new/01_ps_mio/ps_led.sdk/webtalk/webtalk.log
# Journal file: D:/intel_project/AX7015/new/01_ps_mio/ps_led.sdk/webtalk\webtalk.jou
#-----------------------------------------------------------
source sdk_webtalk.tcl
# webtalk_init -webtalk_dir D:\\intel_project\\AX7015\\new\\01_ps_mio\\ps_led.sdk\\webtalk
# webtalk_register_client -client project
# webtalk_add_data -client project -key date_generated -value "2018-07-02 20:30:47" -context "software_version_and_target_device"
# webtalk_add_data -client project -key product_version -value "SDK v2017.4" -context "software_version_and_target_device"
# webtalk_add_data -client project -key build_version -value "2017.4" -context "software_version_and_target_device"
# webtalk_add_data -client project -key os_platform -value "amd64" -context "software_version_and_target_device"
# webtalk_add_data -client project -key registration_id -value "" -context "software_version_and_target_device"
# webtalk_add_data -client project -key tool_flow -value "SDK" -context "software_version_and_target_device"
# webtalk_add_data -client project -key beta -value "false" -context "software_version_and_target_device"
# webtalk_add_data -client project -key route_design -value "NA" -context "software_version_and_target_device"
# webtalk_add_data -client project -key target_family -value "NA" -context "software_version_and_target_device"
# webtalk_add_data -client project -key target_device -value "NA" -context "software_version_and_target_device"
# webtalk_add_data -client project -key target_package -value "NA" -context "software_version_and_target_device"
# webtalk_add_data -client project -key target_speed -value "NA" -context "software_version_and_target_device"
# webtalk_add_data -client project -key random_id -value "d31an6e74ikq27898ju8pqlrh1" -context "software_version_and_target_device"
# webtalk_add_data -client project -key project_id -value "2017.4_62" -context "software_version_and_target_device"
# webtalk_add_data -client project -key project_iteration -value "62" -context "software_version_and_target_device"
# webtalk_add_data -client project -key os_name -value "Microsoft Windows 8 or later , 64-bit" -context "user_environment"
# webtalk_add_data -client project -key os_release -value "major release  (build 9200)" -context "user_environment"
# webtalk_add_data -client project -key cpu_name -value "Intel(R) Core(TM) i5-7500 CPU @ 3.40GHz" -context "user_environment"
# webtalk_add_data -client project -key cpu_speed -value "3408 MHz" -context "user_environment"
# webtalk_add_data -client project -key total_processors -value "1" -context "user_environment"
# webtalk_add_data -client project -key system_ram -value "17.042 GB" -context "user_environment"
# webtalk_register_client -client sdk
# webtalk_add_data -client sdk -key uid -value "1530532916090" -context "sdk\\\\hardware/1530532916090"
# webtalk_add_data -client sdk -key isZynq -value "true" -context "sdk\\\\hardware/1530532916090"
# webtalk_add_data -client sdk -key isZynqMP -value "false" -context "sdk\\\\hardware/1530532916090"
# webtalk_add_data -client sdk -key Processors -value "2" -context "sdk\\\\hardware/1530532916090"
# webtalk_add_data -client sdk -key VivadoVersion -value "2017.4" -context "sdk\\\\hardware/1530532916090"
# webtalk_add_data -client sdk -key Arch -value "zynq" -context "sdk\\\\hardware/1530532916090"
# webtalk_add_data -client sdk -key Device -value "7z015" -context "sdk\\\\hardware/1530532916090"
# webtalk_add_data -client sdk -key IsHandoff -value "true" -context "sdk\\\\hardware/1530532916090"
# webtalk_add_data -client sdk -key os -value "NA" -context "sdk\\\\hardware/1530532916090"
# webtalk_add_data -client sdk -key apptemplate -value "NA" -context "sdk\\\\hardware/1530532916090"
# webtalk_add_data -client sdk -key RecordType -value "HWCreation" -context "sdk\\\\hardware/1530532916090"
# webtalk_add_data -client sdk -key uid -value "1530533432708" -context "sdk\\\\bsp/1530533432708"
# webtalk_add_data -client sdk -key hwid -value "1530532916090" -context "sdk\\\\bsp/1530533432708"
# webtalk_add_data -client sdk -key os -value "standalone" -context "sdk\\\\bsp/1530533432708"
# webtalk_add_data -client sdk -key apptemplate -value "empty_application" -context "sdk\\\\bsp/1530533432708"
# webtalk_add_data -client sdk -key RecordType -value "BSPCreation" -context "sdk\\\\bsp/1530533432708"
# webtalk_add_data -client sdk -key uid -value "1530533436946" -context "sdk\\\\application/1530533436946"
# webtalk_add_data -client sdk -key hwid -value "1530532916090" -context "sdk\\\\application/1530533436946"
# webtalk_add_data -client sdk -key bspid -value "1530533432708" -context "sdk\\\\application/1530533436946"
# webtalk_add_data -client sdk -key newbsp -value "true" -context "sdk\\\\application/1530533436946"
# webtalk_add_data -client sdk -key os -value "standalone" -context "sdk\\\\application/1530533436946"
# webtalk_add_data -client sdk -key apptemplate -value "empty_application" -context "sdk\\\\application/1530533436946"
# webtalk_add_data -client sdk -key RecordType -value "APPCreation" -context "sdk\\\\application/1530533436946"
# webtalk_add_data -client sdk -key LangUsed -value "C" -context "sdk\\\\application/1530533436946"
# webtalk_add_data -client sdk -key Procused -value "ps7_cortexa9" -context "sdk\\\\application/1530533436946"
# webtalk_add_data -client sdk -key uid -value "1530534125996" -context "sdk\\\\bsp/1530534125996"
# webtalk_add_data -client sdk -key hwid -value "1530532916090" -context "sdk\\\\bsp/1530534125996"
# webtalk_add_data -client sdk -key os -value "standalone" -context "sdk\\\\bsp/1530534125996"
# webtalk_add_data -client sdk -key apptemplate -value "hello_world" -context "sdk\\\\bsp/1530534125996"
# webtalk_add_data -client sdk -key RecordType -value "BSPCreation" -context "sdk\\\\bsp/1530534125996"
# webtalk_add_data -client sdk -key uid -value "1530534128780" -context "sdk\\\\application/1530534128780"
# webtalk_add_data -client sdk -key hwid -value "1530532916090" -context "sdk\\\\application/1530534128780"
# webtalk_add_data -client sdk -key bspid -value "1530534125996" -context "sdk\\\\application/1530534128780"
# webtalk_add_data -client sdk -key newbsp -value "true" -context "sdk\\\\application/1530534128780"
# webtalk_add_data -client sdk -key os -value "standalone" -context "sdk\\\\application/1530534128780"
# webtalk_add_data -client sdk -key apptemplate -value "hello_world" -context "sdk\\\\application/1530534128780"
# webtalk_add_data -client sdk -key RecordType -value "APPCreation" -context "sdk\\\\application/1530534128780"
# webtalk_add_data -client sdk -key LangUsed -value "C" -context "sdk\\\\application/1530534128780"
# webtalk_add_data -client sdk -key Procused -value "ps7_cortexa9" -context "sdk\\\\application/1530534128780"
# webtalk_add_data -client sdk -key projSize -value "182.56640625" -context "sdk\\\\application/1530534128780"
# webtalk_add_data -client sdk -key uid -value "NA" -context "sdk\\\\bsp/1530534647509"
# webtalk_add_data -client sdk -key RecordType -value "ToolUsage" -context "sdk\\\\bsp/1530534647509"
# webtalk_add_data -client sdk -key BootgenCount -value "0" -context "sdk\\\\bsp/1530534647509"
# webtalk_add_data -client sdk -key DebugCount -value "4" -context "sdk\\\\bsp/1530534647509"
# webtalk_add_data -client sdk -key PerfCount -value "0" -context "sdk\\\\bsp/1530534647509"
# webtalk_add_data -client sdk -key FlashCount -value "0" -context "sdk\\\\bsp/1530534647509"
# webtalk_add_data -client sdk -key CrossTriggCount -value "0" -context "sdk\\\\bsp/1530534647509"
# webtalk_add_data -client sdk -key QemuDebugCount -value "0" -context "sdk\\\\bsp/1530534647509"
# webtalk_transmit -clientid 2958295755 -regid "" -xml D:\\intel_project\\AX7015\\new\\01_ps_mio\\ps_led.sdk\\webtalk\\usage_statistics_ext_sdk.xml -html D:\\intel_project\\AX7015\\new\\01_ps_mio\\ps_led.sdk\\webtalk\\usage_statistics_ext_sdk.html -wdm D:\\intel_project\\AX7015\\new\\01_ps_mio\\ps_led.sdk\\webtalk\\sdk_webtalk.wdm -intro "<H3>SDK Usage Report</H3><BR>"
INFO: [Common 17-186] 'D:\intel_project\AX7015\new\01_ps_mio\ps_led.sdk\webtalk\usage_statistics_ext_sdk.xml' has been successfully sent to Xilinx on Mon Jul  2 20:30:54 2018. For additional details about this file, please refer to the WebTalk help file at C:/Xilinx/SDK/2017.4/doc/webtalk_introduction.html.
# webtalk_terminate
INFO: [Common 17-206] Exiting Webtalk at Mon Jul  2 20:30:54 2018...
