20:01:48 INFO  : Registering command handlers for SDK TCF services
20:01:49 INFO  : Launching XSCT server: xsct.bat -interactive D:\intel_project\AX7015\new\01_ps_mio\ps_led.sdk\temp_xsdb_launch_script.tcl
20:01:51 INFO  : XSCT server has started successfully.
20:01:52 INFO  : Processing command line option -hwspec D:/intel_project/AX7015/new/01_ps_mio/ps_led.sdk/top_wrapper.hdf.
20:01:52 INFO  : Successfully done setting XSCT server connection channel  
20:01:52 INFO  : Successfully done setting SDK workspace  
20:23:25 INFO  : Connected to target on host '127.0.0.1' and port '3121'.
20:23:26 WARN  : Part name present in the hardware specification 'xc7z015clg485-2' doesn't match the one present on the target 'xc7z020'.
20:23:30 INFO  : ----------------XSDB Script----------------
connect -url tcp:127.0.0.1:3121
----------------End of Script----------------

20:24:13 INFO  : Connected to target on host '127.0.0.1' and port '3121'.
20:24:23 INFO  : ----------------XSDB Script----------------
connect -url tcp:127.0.0.1:3121
----------------End of Script----------------

20:24:46 INFO  : Connected to target on host '127.0.0.1' and port '3121'.
20:24:47 INFO  : Jtag cable 'Digilent JTAG-HS1 210512180081' is selected.
20:24:47 INFO  : 'jtag frequency' command is executed.
20:24:47 INFO  : Sourcing of 'D:/intel_project/AX7015/new/01_ps_mio/ps_led.sdk/top_wrapper_hw_platform_0/ps7_init.tcl' is done.
20:24:47 INFO  : Context for 'APU' is selected.
20:24:47 INFO  : Hardware design information is loaded from 'D:/intel_project/AX7015/new/01_ps_mio/ps_led.sdk/top_wrapper_hw_platform_0/system.hdf'.
20:24:47 INFO  : 'configparams force-mem-access 1' command is executed.
20:24:47 INFO  : Context for 'APU' is selected.
20:24:47 INFO  : 'stop' command is executed.
20:24:47 INFO  : 'ps7_init' command is executed.
20:24:47 INFO  : 'ps7_post_config' command is executed.
20:24:47 INFO  : Context for processor 'ps7_cortexa9_0' is selected.
20:24:47 INFO  : Processor reset is completed for 'ps7_cortexa9_0'.
20:24:47 INFO  : Context for processor 'ps7_cortexa9_0' is selected.
20:24:47 INFO  : The application 'D:/intel_project/AX7015/new/01_ps_mio/ps_led.sdk/ps_led_test/Debug/ps_led_test.elf' is downloaded to processor 'ps7_cortexa9_0'.
20:24:47 INFO  : 'configparams force-mem-access 0' command is executed.
20:24:47 INFO  : ----------------XSDB Script----------------
connect -url tcp:127.0.0.1:3121
source D:/intel_project/AX7015/new/01_ps_mio/ps_led.sdk/top_wrapper_hw_platform_0/ps7_init.tcl
targets -set -nocase -filter {name =~"APU*" && jtag_cable_name =~ "Digilent JTAG-HS1 210512180081"} -index 0
loadhw -hw D:/intel_project/AX7015/new/01_ps_mio/ps_led.sdk/top_wrapper_hw_platform_0/system.hdf -mem-ranges [list {0x40000000 0xbfffffff}]
configparams force-mem-access 1
targets -set -nocase -filter {name =~"APU*" && jtag_cable_name =~ "Digilent JTAG-HS1 210512180081"} -index 0
stop
ps7_init
ps7_post_config
targets -set -nocase -filter {name =~ "ARM*#0" && jtag_cable_name =~ "Digilent JTAG-HS1 210512180081"} -index 0
rst -processor
targets -set -nocase -filter {name =~ "ARM*#0" && jtag_cable_name =~ "Digilent JTAG-HS1 210512180081"} -index 0
dow D:/intel_project/AX7015/new/01_ps_mio/ps_led.sdk/ps_led_test/Debug/ps_led_test.elf
configparams force-mem-access 0
----------------End of Script----------------

20:24:47 INFO  : Context for processor 'ps7_cortexa9_0' is selected.
20:24:47 INFO  : 'con' command is executed.
20:24:47 INFO  : ----------------XSDB Script (After Launch)----------------
targets -set -nocase -filter {name =~ "ARM*#0" && jtag_cable_name =~ "Digilent JTAG-HS1 210512180081"} -index 0
con
----------------End of Script----------------

20:24:48 INFO  : Launch script is exported to file 'D:\intel_project\AX7015\new\01_ps_mio\ps_led.sdk\.sdk\launch_scripts\xilinx_c-c++_application_(system_debugger)\system_debugger_using_debug_ps_led_test.elf_on_local.tcl'
20:26:48 INFO  : Disconnected from the channel tcfchan#1.
20:26:49 INFO  : Connected to target on host '127.0.0.1' and port '3121'.
20:26:49 INFO  : Jtag cable 'Digilent JTAG-HS1 210512180081' is selected.
20:26:49 INFO  : 'jtag frequency' command is executed.
20:26:49 INFO  : Sourcing of 'D:/intel_project/AX7015/new/01_ps_mio/ps_led.sdk/top_wrapper_hw_platform_0/ps7_init.tcl' is done.
20:26:49 INFO  : Context for 'APU' is selected.
20:26:50 INFO  : Hardware design information is loaded from 'D:/intel_project/AX7015/new/01_ps_mio/ps_led.sdk/top_wrapper_hw_platform_0/system.hdf'.
20:26:50 INFO  : 'configparams force-mem-access 1' command is executed.
20:26:50 INFO  : Context for 'APU' is selected.
20:26:50 INFO  : 'stop' command is executed.
20:26:51 INFO  : 'ps7_init' command is executed.
20:26:51 INFO  : 'ps7_post_config' command is executed.
20:26:51 INFO  : Context for processor 'ps7_cortexa9_0' is selected.
20:26:51 INFO  : Processor reset is completed for 'ps7_cortexa9_0'.
20:26:51 INFO  : Context for processor 'ps7_cortexa9_0' is selected.
20:26:51 INFO  : The application 'D:/intel_project/AX7015/new/01_ps_mio/ps_led.sdk/ps_led_test/Debug/ps_led_test.elf' is downloaded to processor 'ps7_cortexa9_0'.
20:26:51 INFO  : 'configparams force-mem-access 0' command is executed.
20:26:51 INFO  : ----------------XSDB Script----------------
connect -url tcp:127.0.0.1:3121
source D:/intel_project/AX7015/new/01_ps_mio/ps_led.sdk/top_wrapper_hw_platform_0/ps7_init.tcl
targets -set -nocase -filter {name =~"APU*" && jtag_cable_name =~ "Digilent JTAG-HS1 210512180081"} -index 0
loadhw -hw D:/intel_project/AX7015/new/01_ps_mio/ps_led.sdk/top_wrapper_hw_platform_0/system.hdf -mem-ranges [list {0x40000000 0xbfffffff}]
configparams force-mem-access 1
targets -set -nocase -filter {name =~"APU*" && jtag_cable_name =~ "Digilent JTAG-HS1 210512180081"} -index 0
stop
ps7_init
ps7_post_config
targets -set -nocase -filter {name =~ "ARM*#0" && jtag_cable_name =~ "Digilent JTAG-HS1 210512180081"} -index 0
rst -processor
targets -set -nocase -filter {name =~ "ARM*#0" && jtag_cable_name =~ "Digilent JTAG-HS1 210512180081"} -index 0
dow D:/intel_project/AX7015/new/01_ps_mio/ps_led.sdk/ps_led_test/Debug/ps_led_test.elf
configparams force-mem-access 0
----------------End of Script----------------

20:26:51 INFO  : Context for processor 'ps7_cortexa9_0' is selected.
20:26:51 INFO  : 'con' command is executed.
20:26:51 INFO  : ----------------XSDB Script (After Launch)----------------
targets -set -nocase -filter {name =~ "ARM*#0" && jtag_cable_name =~ "Digilent JTAG-HS1 210512180081"} -index 0
con
----------------End of Script----------------

20:26:51 INFO  : Launch script is exported to file 'D:\intel_project\AX7015\new\01_ps_mio\ps_led.sdk\.sdk\launch_scripts\xilinx_c-c++_application_(system_debugger)\system_debugger_using_debug_ps_led_test.elf_on_local.tcl'
20:30:47 INFO  : Disconnected from the channel tcfchan#2.
08:54:23 INFO  : Registering command handlers for SDK TCF services
08:54:24 INFO  : Launching XSCT server: xsct.bat -interactive D:\intel_project\AX7015\new\01_ps_mio\ps_led.sdk\temp_xsdb_launch_script.tcl
08:54:27 INFO  : XSCT server has started successfully.
08:54:32 INFO  : Successfully done setting XSCT server connection channel  
08:54:32 INFO  : Processing command line option -hwspec D:/intel_project/AX7015/new/01_ps_mio/ps_led.sdk/top_wrapper.hdf.
08:54:32 INFO  : Checking for hwspec changes in the project top_wrapper_hw_platform_0.
08:54:32 INFO  : Successfully done setting SDK workspace  
09:58:50 INFO  : Connected to target on host '127.0.0.1' and port '3121'.
09:58:51 INFO  : Jtag cable 'Digilent JTAG-HS1 210512180081' is selected.
09:58:51 INFO  : 'jtag frequency' command is executed.
09:58:51 INFO  : Sourcing of 'D:/intel_project/AX7015/new/01_ps_mio/ps_led.sdk/top_wrapper_hw_platform_0/ps7_init.tcl' is done.
09:58:51 INFO  : Context for 'APU' is selected.
09:58:51 INFO  : Hardware design information is loaded from 'D:/intel_project/AX7015/new/01_ps_mio/ps_led.sdk/top_wrapper_hw_platform_0/system.hdf'.
09:58:51 INFO  : 'configparams force-mem-access 1' command is executed.
09:58:51 INFO  : Context for 'APU' is selected.
09:58:51 INFO  : 'stop' command is executed.
09:58:51 INFO  : 'ps7_init' command is executed.
09:58:51 INFO  : 'ps7_post_config' command is executed.
09:58:51 INFO  : Context for processor 'ps7_cortexa9_0' is selected.
09:58:51 INFO  : Processor reset is completed for 'ps7_cortexa9_0'.
09:58:51 INFO  : Context for processor 'ps7_cortexa9_0' is selected.
09:58:52 INFO  : The application 'D:/intel_project/AX7015/new/01_ps_mio/ps_led.sdk/ps_led_test/Debug/ps_led_test.elf' is downloaded to processor 'ps7_cortexa9_0'.
09:58:52 INFO  : 'configparams force-mem-access 0' command is executed.
09:58:52 INFO  : ----------------XSDB Script----------------
connect -url tcp:127.0.0.1:3121
source D:/intel_project/AX7015/new/01_ps_mio/ps_led.sdk/top_wrapper_hw_platform_0/ps7_init.tcl
targets -set -nocase -filter {name =~"APU*" && jtag_cable_name =~ "Digilent JTAG-HS1 210512180081"} -index 0
loadhw -hw D:/intel_project/AX7015/new/01_ps_mio/ps_led.sdk/top_wrapper_hw_platform_0/system.hdf -mem-ranges [list {0x40000000 0xbfffffff}]
configparams force-mem-access 1
targets -set -nocase -filter {name =~"APU*" && jtag_cable_name =~ "Digilent JTAG-HS1 210512180081"} -index 0
stop
ps7_init
ps7_post_config
targets -set -nocase -filter {name =~ "ARM*#0" && jtag_cable_name =~ "Digilent JTAG-HS1 210512180081"} -index 0
rst -processor
targets -set -nocase -filter {name =~ "ARM*#0" && jtag_cable_name =~ "Digilent JTAG-HS1 210512180081"} -index 0
dow D:/intel_project/AX7015/new/01_ps_mio/ps_led.sdk/ps_led_test/Debug/ps_led_test.elf
configparams force-mem-access 0
----------------End of Script----------------

09:58:52 INFO  : Context for processor 'ps7_cortexa9_0' is selected.
09:58:52 INFO  : 'con' command is executed.
09:58:52 INFO  : ----------------XSDB Script (After Launch)----------------
targets -set -nocase -filter {name =~ "ARM*#0" && jtag_cable_name =~ "Digilent JTAG-HS1 210512180081"} -index 0
con
----------------End of Script----------------

09:58:52 INFO  : Launch script is exported to file 'D:\intel_project\AX7015\new\01_ps_mio\ps_led.sdk\.sdk\launch_scripts\xilinx_c-c++_application_(system_debugger)\system_debugger_using_debug_ps_led_test.elf_on_local.tcl'
09:59:03 INFO  : Disconnected from the channel tcfchan#1.
09:59:04 INFO  : Connected to target on host '127.0.0.1' and port '3121'.
09:59:04 INFO  : Jtag cable 'Digilent JTAG-HS1 210512180081' is selected.
09:59:04 INFO  : 'jtag frequency' command is executed.
09:59:04 INFO  : Sourcing of 'D:/intel_project/AX7015/new/01_ps_mio/ps_led.sdk/top_wrapper_hw_platform_0/ps7_init.tcl' is done.
09:59:05 INFO  : Context for 'APU' is selected.
09:59:06 INFO  : Hardware design information is loaded from 'D:/intel_project/AX7015/new/01_ps_mio/ps_led.sdk/top_wrapper_hw_platform_0/system.hdf'.
09:59:06 INFO  : 'configparams force-mem-access 1' command is executed.
09:59:06 INFO  : Context for 'APU' is selected.
09:59:06 INFO  : 'stop' command is executed.
09:59:06 INFO  : 'ps7_init' command is executed.
09:59:06 INFO  : 'ps7_post_config' command is executed.
09:59:06 INFO  : Context for processor 'ps7_cortexa9_0' is selected.
09:59:06 INFO  : Processor reset is completed for 'ps7_cortexa9_0'.
09:59:06 INFO  : Context for processor 'ps7_cortexa9_0' is selected.
09:59:07 INFO  : The application 'D:/intel_project/AX7015/new/01_ps_mio/ps_led.sdk/ps_led_test/Debug/ps_led_test.elf' is downloaded to processor 'ps7_cortexa9_0'.
09:59:07 INFO  : 'configparams force-mem-access 0' command is executed.
09:59:07 INFO  : ----------------XSDB Script----------------
connect -url tcp:127.0.0.1:3121
source D:/intel_project/AX7015/new/01_ps_mio/ps_led.sdk/top_wrapper_hw_platform_0/ps7_init.tcl
targets -set -nocase -filter {name =~"APU*" && jtag_cable_name =~ "Digilent JTAG-HS1 210512180081"} -index 0
loadhw -hw D:/intel_project/AX7015/new/01_ps_mio/ps_led.sdk/top_wrapper_hw_platform_0/system.hdf -mem-ranges [list {0x40000000 0xbfffffff}]
configparams force-mem-access 1
targets -set -nocase -filter {name =~"APU*" && jtag_cable_name =~ "Digilent JTAG-HS1 210512180081"} -index 0
stop
ps7_init
ps7_post_config
targets -set -nocase -filter {name =~ "ARM*#0" && jtag_cable_name =~ "Digilent JTAG-HS1 210512180081"} -index 0
rst -processor
targets -set -nocase -filter {name =~ "ARM*#0" && jtag_cable_name =~ "Digilent JTAG-HS1 210512180081"} -index 0
dow D:/intel_project/AX7015/new/01_ps_mio/ps_led.sdk/ps_led_test/Debug/ps_led_test.elf
configparams force-mem-access 0
----------------End of Script----------------

09:59:07 INFO  : Context for processor 'ps7_cortexa9_0' is selected.
09:59:07 INFO  : 'con' command is executed.
09:59:07 INFO  : ----------------XSDB Script (After Launch)----------------
targets -set -nocase -filter {name =~ "ARM*#0" && jtag_cable_name =~ "Digilent JTAG-HS1 210512180081"} -index 0
con
----------------End of Script----------------

09:59:07 INFO  : Launch script is exported to file 'D:\intel_project\AX7015\new\01_ps_mio\ps_led.sdk\.sdk\launch_scripts\xilinx_c-c++_application_(system_debugger)\system_debugger_using_debug_ps_led_test.elf_on_local.tcl'
10:02:00 INFO  : Disconnected from the channel tcfchan#2.
10:02:01 INFO  : Connected to target on host '127.0.0.1' and port '3121'.
10:02:01 INFO  : Jtag cable 'Digilent JTAG-HS1 210512180081' is selected.
10:02:01 INFO  : 'jtag frequency' command is executed.
10:02:01 INFO  : Sourcing of 'D:/intel_project/AX7015/new/01_ps_mio/ps_led.sdk/top_wrapper_hw_platform_0/ps7_init.tcl' is done.
10:02:01 INFO  : Context for 'APU' is selected.
10:02:02 INFO  : Hardware design information is loaded from 'D:/intel_project/AX7015/new/01_ps_mio/ps_led.sdk/top_wrapper_hw_platform_0/system.hdf'.
10:02:02 INFO  : 'configparams force-mem-access 1' command is executed.
10:02:02 INFO  : Context for 'APU' is selected.
10:02:02 INFO  : 'stop' command is executed.
10:02:03 INFO  : 'ps7_init' command is executed.
10:02:03 INFO  : 'ps7_post_config' command is executed.
10:02:03 INFO  : Context for processor 'ps7_cortexa9_0' is selected.
10:02:03 INFO  : Processor reset is completed for 'ps7_cortexa9_0'.
10:02:03 INFO  : Context for processor 'ps7_cortexa9_0' is selected.
10:02:03 INFO  : The application 'D:/intel_project/AX7015/new/01_ps_mio/ps_led.sdk/ps_led_test/Debug/ps_led_test.elf' is downloaded to processor 'ps7_cortexa9_0'.
10:02:03 INFO  : 'configparams force-mem-access 0' command is executed.
10:02:03 INFO  : ----------------XSDB Script----------------
connect -url tcp:127.0.0.1:3121
source D:/intel_project/AX7015/new/01_ps_mio/ps_led.sdk/top_wrapper_hw_platform_0/ps7_init.tcl
targets -set -nocase -filter {name =~"APU*" && jtag_cable_name =~ "Digilent JTAG-HS1 210512180081"} -index 0
loadhw -hw D:/intel_project/AX7015/new/01_ps_mio/ps_led.sdk/top_wrapper_hw_platform_0/system.hdf -mem-ranges [list {0x40000000 0xbfffffff}]
configparams force-mem-access 1
targets -set -nocase -filter {name =~"APU*" && jtag_cable_name =~ "Digilent JTAG-HS1 210512180081"} -index 0
stop
ps7_init
ps7_post_config
targets -set -nocase -filter {name =~ "ARM*#0" && jtag_cable_name =~ "Digilent JTAG-HS1 210512180081"} -index 0
rst -processor
targets -set -nocase -filter {name =~ "ARM*#0" && jtag_cable_name =~ "Digilent JTAG-HS1 210512180081"} -index 0
dow D:/intel_project/AX7015/new/01_ps_mio/ps_led.sdk/ps_led_test/Debug/ps_led_test.elf
configparams force-mem-access 0
----------------End of Script----------------

10:02:03 INFO  : Context for processor 'ps7_cortexa9_0' is selected.
10:02:03 INFO  : 'con' command is executed.
10:02:03 INFO  : ----------------XSDB Script (After Launch)----------------
targets -set -nocase -filter {name =~ "ARM*#0" && jtag_cable_name =~ "Digilent JTAG-HS1 210512180081"} -index 0
con
----------------End of Script----------------

10:02:03 INFO  : Launch script is exported to file 'D:\intel_project\AX7015\new\01_ps_mio\ps_led.sdk\.sdk\launch_scripts\xilinx_c-c++_application_(system_debugger)\system_debugger_using_debug_ps_led_test.elf_on_local.tcl'
10:03:22 INFO  : Disconnected from the channel tcfchan#3.
10:03:23 INFO  : Connected to target on host '127.0.0.1' and port '3121'.
10:03:23 INFO  : Jtag cable 'Digilent JTAG-HS1 210512180081' is selected.
10:03:23 INFO  : 'jtag frequency' command is executed.
10:03:23 INFO  : Sourcing of 'D:/intel_project/AX7015/new/01_ps_mio/ps_led.sdk/top_wrapper_hw_platform_0/ps7_init.tcl' is done.
10:03:23 INFO  : Context for 'APU' is selected.
10:03:24 INFO  : Hardware design information is loaded from 'D:/intel_project/AX7015/new/01_ps_mio/ps_led.sdk/top_wrapper_hw_platform_0/system.hdf'.
10:03:24 INFO  : 'configparams force-mem-access 1' command is executed.
10:03:24 INFO  : Context for 'APU' is selected.
10:03:24 INFO  : 'stop' command is executed.
10:03:24 INFO  : 'ps7_init' command is executed.
10:03:24 INFO  : 'ps7_post_config' command is executed.
10:03:24 INFO  : Context for processor 'ps7_cortexa9_0' is selected.
10:03:25 INFO  : Processor reset is completed for 'ps7_cortexa9_0'.
10:03:25 INFO  : Context for processor 'ps7_cortexa9_0' is selected.
10:03:25 INFO  : The application 'D:/intel_project/AX7015/new/01_ps_mio/ps_led.sdk/ps_led_test/Debug/ps_led_test.elf' is downloaded to processor 'ps7_cortexa9_0'.
10:03:25 INFO  : 'configparams force-mem-access 0' command is executed.
10:03:25 INFO  : ----------------XSDB Script----------------
connect -url tcp:127.0.0.1:3121
source D:/intel_project/AX7015/new/01_ps_mio/ps_led.sdk/top_wrapper_hw_platform_0/ps7_init.tcl
targets -set -nocase -filter {name =~"APU*" && jtag_cable_name =~ "Digilent JTAG-HS1 210512180081"} -index 0
loadhw -hw D:/intel_project/AX7015/new/01_ps_mio/ps_led.sdk/top_wrapper_hw_platform_0/system.hdf -mem-ranges [list {0x40000000 0xbfffffff}]
configparams force-mem-access 1
targets -set -nocase -filter {name =~"APU*" && jtag_cable_name =~ "Digilent JTAG-HS1 210512180081"} -index 0
stop
ps7_init
ps7_post_config
targets -set -nocase -filter {name =~ "ARM*#0" && jtag_cable_name =~ "Digilent JTAG-HS1 210512180081"} -index 0
rst -processor
targets -set -nocase -filter {name =~ "ARM*#0" && jtag_cable_name =~ "Digilent JTAG-HS1 210512180081"} -index 0
dow D:/intel_project/AX7015/new/01_ps_mio/ps_led.sdk/ps_led_test/Debug/ps_led_test.elf
configparams force-mem-access 0
----------------End of Script----------------

10:03:25 INFO  : Context for processor 'ps7_cortexa9_0' is selected.
10:03:25 INFO  : 'con' command is executed.
10:03:25 INFO  : ----------------XSDB Script (After Launch)----------------
targets -set -nocase -filter {name =~ "ARM*#0" && jtag_cable_name =~ "Digilent JTAG-HS1 210512180081"} -index 0
con
----------------End of Script----------------

10:03:25 INFO  : Launch script is exported to file 'D:\intel_project\AX7015\new\01_ps_mio\ps_led.sdk\.sdk\launch_scripts\xilinx_c-c++_application_(system_debugger)\system_debugger_using_debug_ps_led_test.elf_on_local.tcl'
10:45:18 INFO  : Disconnected from the channel tcfchan#4.
11:31:27 INFO  : Registering command handlers for SDK TCF services
11:31:28 INFO  : Launching XSCT server: xsct.bat -interactive D:\intel_project\AX7015\new\update\01_ps_led\ps_led.sdk\temp_xsdb_launch_script.tcl
11:31:30 INFO  : XSCT server has started successfully.
11:31:31 INFO  : Processing command line option -hwspec D:/intel_project/AX7015/new/update/01_ps_led/ps_led.sdk/top_wrapper.hdf.
11:31:31 INFO  : Successfully done setting XSCT server connection channel  
11:31:31 INFO  : Successfully done setting SDK workspace  
11:35:21 INFO  : Connected to target on host '127.0.0.1' and port '3121'.
11:35:22 INFO  : Jtag cable 'Digilent JTAG-HS1 210512180081' is selected.
11:35:22 INFO  : 'jtag frequency' command is executed.
11:35:22 INFO  : Sourcing of 'D:/intel_project/AX7015/new/update/01_ps_led/ps_led.sdk/top_wrapper_hw_platform_0/ps7_init.tcl' is done.
11:35:22 INFO  : Context for 'APU' is selected.
11:35:22 INFO  : Hardware design information is loaded from 'D:/intel_project/AX7015/new/update/01_ps_led/ps_led.sdk/top_wrapper_hw_platform_0/system.hdf'.
11:35:22 INFO  : 'configparams force-mem-access 1' command is executed.
11:35:22 INFO  : Context for 'APU' is selected.
11:35:22 INFO  : 'stop' command is executed.
11:35:23 INFO  : 'ps7_init' command is executed.
11:35:23 INFO  : 'ps7_post_config' command is executed.
11:35:23 INFO  : Context for processor 'ps7_cortexa9_0' is selected.
11:35:23 INFO  : Processor reset is completed for 'ps7_cortexa9_0'.
11:35:23 INFO  : Context for processor 'ps7_cortexa9_0' is selected.
11:35:23 INFO  : The application 'D:/intel_project/AX7015/new/update/01_ps_led/ps_led.sdk/ps_led_test/Debug/ps_led_test.elf' is downloaded to processor 'ps7_cortexa9_0'.
11:35:23 INFO  : 'configparams force-mem-access 0' command is executed.
11:35:23 INFO  : ----------------XSDB Script----------------
connect -url tcp:127.0.0.1:3121
source D:/intel_project/AX7015/new/update/01_ps_led/ps_led.sdk/top_wrapper_hw_platform_0/ps7_init.tcl
targets -set -nocase -filter {name =~"APU*" && jtag_cable_name =~ "Digilent JTAG-HS1 210512180081"} -index 0
loadhw -hw D:/intel_project/AX7015/new/update/01_ps_led/ps_led.sdk/top_wrapper_hw_platform_0/system.hdf -mem-ranges [list {0x40000000 0xbfffffff}]
configparams force-mem-access 1
targets -set -nocase -filter {name =~"APU*" && jtag_cable_name =~ "Digilent JTAG-HS1 210512180081"} -index 0
stop
ps7_init
ps7_post_config
targets -set -nocase -filter {name =~ "ARM*#0" && jtag_cable_name =~ "Digilent JTAG-HS1 210512180081"} -index 0
rst -processor
targets -set -nocase -filter {name =~ "ARM*#0" && jtag_cable_name =~ "Digilent JTAG-HS1 210512180081"} -index 0
dow D:/intel_project/AX7015/new/update/01_ps_led/ps_led.sdk/ps_led_test/Debug/ps_led_test.elf
configparams force-mem-access 0
----------------End of Script----------------

11:35:23 INFO  : Context for processor 'ps7_cortexa9_0' is selected.
11:35:23 INFO  : 'con' command is executed.
11:35:23 INFO  : ----------------XSDB Script (After Launch)----------------
targets -set -nocase -filter {name =~ "ARM*#0" && jtag_cable_name =~ "Digilent JTAG-HS1 210512180081"} -index 0
con
----------------End of Script----------------

11:35:23 INFO  : Launch script is exported to file 'D:\intel_project\AX7015\new\update\01_ps_led\ps_led.sdk\.sdk\launch_scripts\xilinx_c-c++_application_(system_debugger)\system_debugger_using_debug_ps_led_test.elf_on_local.tcl'
11:35:33 INFO  : Disconnected from the channel tcfchan#1.
11:35:34 INFO  : Connected to target on host '127.0.0.1' and port '3121'.
11:35:35 INFO  : Jtag cable 'Digilent JTAG-HS1 210512180081' is selected.
11:35:35 INFO  : 'jtag frequency' command is executed.
11:35:35 INFO  : Sourcing of 'D:/intel_project/AX7015/new/update/01_ps_led/ps_led.sdk/top_wrapper_hw_platform_0/ps7_init.tcl' is done.
11:35:35 INFO  : Context for 'APU' is selected.
11:35:36 INFO  : Hardware design information is loaded from 'D:/intel_project/AX7015/new/update/01_ps_led/ps_led.sdk/top_wrapper_hw_platform_0/system.hdf'.
11:35:36 INFO  : 'configparams force-mem-access 1' command is executed.
11:35:36 INFO  : Context for 'APU' is selected.
11:35:36 INFO  : 'stop' command is executed.
11:35:36 INFO  : 'ps7_init' command is executed.
11:35:36 INFO  : 'ps7_post_config' command is executed.
11:35:36 INFO  : Context for processor 'ps7_cortexa9_0' is selected.
11:35:37 INFO  : Processor reset is completed for 'ps7_cortexa9_0'.
11:35:37 INFO  : Context for processor 'ps7_cortexa9_0' is selected.
11:35:37 INFO  : The application 'D:/intel_project/AX7015/new/update/01_ps_led/ps_led.sdk/ps_led_test/Debug/ps_led_test.elf' is downloaded to processor 'ps7_cortexa9_0'.
11:35:37 INFO  : 'configparams force-mem-access 0' command is executed.
11:35:37 INFO  : ----------------XSDB Script----------------
connect -url tcp:127.0.0.1:3121
source D:/intel_project/AX7015/new/update/01_ps_led/ps_led.sdk/top_wrapper_hw_platform_0/ps7_init.tcl
targets -set -nocase -filter {name =~"APU*" && jtag_cable_name =~ "Digilent JTAG-HS1 210512180081"} -index 0
loadhw -hw D:/intel_project/AX7015/new/update/01_ps_led/ps_led.sdk/top_wrapper_hw_platform_0/system.hdf -mem-ranges [list {0x40000000 0xbfffffff}]
configparams force-mem-access 1
targets -set -nocase -filter {name =~"APU*" && jtag_cable_name =~ "Digilent JTAG-HS1 210512180081"} -index 0
stop
ps7_init
ps7_post_config
targets -set -nocase -filter {name =~ "ARM*#0" && jtag_cable_name =~ "Digilent JTAG-HS1 210512180081"} -index 0
rst -processor
targets -set -nocase -filter {name =~ "ARM*#0" && jtag_cable_name =~ "Digilent JTAG-HS1 210512180081"} -index 0
dow D:/intel_project/AX7015/new/update/01_ps_led/ps_led.sdk/ps_led_test/Debug/ps_led_test.elf
configparams force-mem-access 0
----------------End of Script----------------

11:35:37 INFO  : Context for processor 'ps7_cortexa9_0' is selected.
11:35:37 INFO  : 'con' command is executed.
11:35:37 INFO  : ----------------XSDB Script (After Launch)----------------
targets -set -nocase -filter {name =~ "ARM*#0" && jtag_cable_name =~ "Digilent JTAG-HS1 210512180081"} -index 0
con
----------------End of Script----------------

11:35:37 INFO  : Launch script is exported to file 'D:\intel_project\AX7015\new\update\01_ps_led\ps_led.sdk\.sdk\launch_scripts\xilinx_c-c++_application_(system_debugger)\system_debugger_using_debug_ps_led_test.elf_on_local.tcl'
11:36:56 INFO  : Disconnected from the channel tcfchan#2.
11:36:57 INFO  : Connected to target on host '127.0.0.1' and port '3121'.
11:36:57 INFO  : Jtag cable 'Digilent JTAG-HS1 210512180081' is selected.
11:36:57 INFO  : 'jtag frequency' command is executed.
11:36:57 INFO  : Sourcing of 'D:/intel_project/AX7015/new/update/01_ps_led/ps_led.sdk/top_wrapper_hw_platform_0/ps7_init.tcl' is done.
11:36:57 INFO  : Context for 'APU' is selected.
11:36:59 INFO  : Hardware design information is loaded from 'D:/intel_project/AX7015/new/update/01_ps_led/ps_led.sdk/top_wrapper_hw_platform_0/system.hdf'.
11:36:59 INFO  : 'configparams force-mem-access 1' command is executed.
11:36:59 INFO  : Context for 'APU' is selected.
11:36:59 INFO  : 'stop' command is executed.
11:36:59 INFO  : 'ps7_init' command is executed.
11:36:59 INFO  : 'ps7_post_config' command is executed.
11:36:59 INFO  : Context for processor 'ps7_cortexa9_0' is selected.
11:36:59 INFO  : Processor reset is completed for 'ps7_cortexa9_0'.
11:36:59 INFO  : Context for processor 'ps7_cortexa9_0' is selected.
11:36:59 INFO  : The application 'D:/intel_project/AX7015/new/update/01_ps_led/ps_led.sdk/ps_led_test/Debug/ps_led_test.elf' is downloaded to processor 'ps7_cortexa9_0'.
11:36:59 INFO  : 'configparams force-mem-access 0' command is executed.
11:36:59 INFO  : ----------------XSDB Script----------------
connect -url tcp:127.0.0.1:3121
source D:/intel_project/AX7015/new/update/01_ps_led/ps_led.sdk/top_wrapper_hw_platform_0/ps7_init.tcl
targets -set -nocase -filter {name =~"APU*" && jtag_cable_name =~ "Digilent JTAG-HS1 210512180081"} -index 0
loadhw -hw D:/intel_project/AX7015/new/update/01_ps_led/ps_led.sdk/top_wrapper_hw_platform_0/system.hdf -mem-ranges [list {0x40000000 0xbfffffff}]
configparams force-mem-access 1
targets -set -nocase -filter {name =~"APU*" && jtag_cable_name =~ "Digilent JTAG-HS1 210512180081"} -index 0
stop
ps7_init
ps7_post_config
targets -set -nocase -filter {name =~ "ARM*#0" && jtag_cable_name =~ "Digilent JTAG-HS1 210512180081"} -index 0
rst -processor
targets -set -nocase -filter {name =~ "ARM*#0" && jtag_cable_name =~ "Digilent JTAG-HS1 210512180081"} -index 0
dow D:/intel_project/AX7015/new/update/01_ps_led/ps_led.sdk/ps_led_test/Debug/ps_led_test.elf
configparams force-mem-access 0
----------------End of Script----------------

11:36:59 INFO  : Context for processor 'ps7_cortexa9_0' is selected.
11:36:59 INFO  : 'con' command is executed.
11:36:59 INFO  : ----------------XSDB Script (After Launch)----------------
targets -set -nocase -filter {name =~ "ARM*#0" && jtag_cable_name =~ "Digilent JTAG-HS1 210512180081"} -index 0
con
----------------End of Script----------------

11:36:59 INFO  : Launch script is exported to file 'D:\intel_project\AX7015\new\update\01_ps_led\ps_led.sdk\.sdk\launch_scripts\xilinx_c-c++_application_(system_debugger)\system_debugger_using_debug_ps_led_test.elf_on_local.tcl'
11:41:23 INFO  : Disconnected from the channel tcfchan#3.
17:25:50 INFO  : Launching XSCT server: xsct.bat -interactive D:\intel_project\AX7015\new\update\01_ps_led\ps_led.sdk\temp_xsdb_launch_script.tcl
17:25:52 INFO  : XSCT server has started successfully.
17:25:52 INFO  : Successfully done setting XSCT server connection channel  
17:25:53 INFO  : Successfully done setting SDK workspace  
17:25:57 INFO  : Registering command handlers for SDK TCF services
17:25:57 INFO  : Processing command line option -hwspec D:/intel_project/AX7015/new/update/01_ps_led/ps_led.sdk/top_wrapper.hdf.
17:25:58 INFO  : Checking for hwspec changes in the project top_wrapper_hw_platform_0.
17:28:32 INFO  : Connected to target on host '127.0.0.1' and port '3121'.
17:28:33 INFO  : Jtag cable 'Digilent JTAG-HS1 210512180081' is selected.
17:28:33 INFO  : 'jtag frequency' command is executed.
17:28:33 INFO  : Sourcing of 'D:/intel_project/AX7015/new/update/01_ps_led/ps_led.sdk/top_wrapper_hw_platform_0/ps7_init.tcl' is done.
17:28:33 INFO  : Context for 'APU' is selected.
17:28:33 INFO  : Hardware design information is loaded from 'D:/intel_project/AX7015/new/update/01_ps_led/ps_led.sdk/top_wrapper_hw_platform_0/system.hdf'.
17:28:33 INFO  : 'configparams force-mem-access 1' command is executed.
17:28:33 INFO  : Context for 'APU' is selected.
17:28:33 INFO  : 'stop' command is executed.
17:28:33 INFO  : 'ps7_init' command is executed.
17:28:33 INFO  : 'ps7_post_config' command is executed.
17:28:33 INFO  : Context for processor 'ps7_cortexa9_0' is selected.
17:28:33 INFO  : Processor reset is completed for 'ps7_cortexa9_0'.
17:28:33 INFO  : Context for processor 'ps7_cortexa9_0' is selected.
17:28:34 INFO  : The application 'D:/intel_project/AX7015/new/update/01_ps_led/ps_led.sdk/ps_led_test/Debug/ps_led_test.elf' is downloaded to processor 'ps7_cortexa9_0'.
17:28:34 INFO  : 'configparams force-mem-access 0' command is executed.
17:28:34 INFO  : ----------------XSDB Script----------------
connect -url tcp:127.0.0.1:3121
source D:/intel_project/AX7015/new/update/01_ps_led/ps_led.sdk/top_wrapper_hw_platform_0/ps7_init.tcl
targets -set -nocase -filter {name =~"APU*" && jtag_cable_name =~ "Digilent JTAG-HS1 210512180081"} -index 0
loadhw -hw D:/intel_project/AX7015/new/update/01_ps_led/ps_led.sdk/top_wrapper_hw_platform_0/system.hdf -mem-ranges [list {0x40000000 0xbfffffff}]
configparams force-mem-access 1
targets -set -nocase -filter {name =~"APU*" && jtag_cable_name =~ "Digilent JTAG-HS1 210512180081"} -index 0
stop
ps7_init
ps7_post_config
targets -set -nocase -filter {name =~ "ARM*#0" && jtag_cable_name =~ "Digilent JTAG-HS1 210512180081"} -index 0
rst -processor
targets -set -nocase -filter {name =~ "ARM*#0" && jtag_cable_name =~ "Digilent JTAG-HS1 210512180081"} -index 0
dow D:/intel_project/AX7015/new/update/01_ps_led/ps_led.sdk/ps_led_test/Debug/ps_led_test.elf
configparams force-mem-access 0
----------------End of Script----------------

17:28:34 INFO  : Context for processor 'ps7_cortexa9_0' is selected.
17:28:34 INFO  : 'con' command is executed.
17:28:34 INFO  : ----------------XSDB Script (After Launch)----------------
targets -set -nocase -filter {name =~ "ARM*#0" && jtag_cable_name =~ "Digilent JTAG-HS1 210512180081"} -index 0
con
----------------End of Script----------------

17:28:34 INFO  : Launch script is exported to file 'D:\intel_project\AX7015\new\update\01_ps_led\ps_led.sdk\.sdk\launch_scripts\xilinx_c-c++_application_(system_debugger)\system_debugger_using_debug_ps_led_test.elf_on_local.tcl'
17:44:53 INFO  : Disconnected from the channel tcfchan#1.
16:28:46 INFO  : Launching XSCT server: xsct.bat -interactive D:\intel_project\AX7015\new\update\release\01_ps_led\ps_led.sdk\temp_xsdb_launch_script.tcl
16:28:48 INFO  : XSCT server has started successfully.
16:28:50 INFO  : Successfully done setting XSCT server connection channel  
16:28:50 INFO  : Successfully done setting SDK workspace  
16:28:54 INFO  : Registering command handlers for SDK TCF services
16:28:54 INFO  : Processing command line option -hwspec D:/intel_project/AX7015/new/update/release/01_ps_led/ps_led.sdk/top_wrapper.hdf.
16:29:18 INFO  : Apm configuration has been updated and stored to 'D:\intel_project\AX7015\new\update\release\01_ps_led\ps_led.sdk\top_wrapper_hw_platform_1\apmconfigs\apm_default.json' for the project 'top_wrapper_hw_platform_1'
16:29:31 INFO  : The new hardware specification file contains the same information as the current specification file. No changes were done to the workspace.
16:30:08 INFO  : Connected to target on host '127.0.0.1' and port '3121'.
16:30:09 INFO  : Jtag cable 'Digilent JTAG-HS1 210512180081' is selected.
16:30:09 INFO  : 'jtag frequency' command is executed.
16:30:09 INFO  : Sourcing of 'D:/intel_project/AX7015/new/update/release/01_ps_led/ps_led.sdk/top_wrapper_hw_platform_0/ps7_init.tcl' is done.
16:30:09 INFO  : Context for 'APU' is selected.
16:30:09 INFO  : Hardware design information is loaded from 'D:/intel_project/AX7015/new/update/release/01_ps_led/ps_led.sdk/top_wrapper_hw_platform_0/system.hdf'.
16:30:09 INFO  : 'configparams force-mem-access 1' command is executed.
16:30:09 INFO  : Context for 'APU' is selected.
16:30:09 INFO  : 'stop' command is executed.
16:30:09 INFO  : 'ps7_init' command is executed.
16:30:09 INFO  : 'ps7_post_config' command is executed.
16:30:09 INFO  : Context for processor 'ps7_cortexa9_0' is selected.
16:30:09 INFO  : Processor reset is completed for 'ps7_cortexa9_0'.
16:30:09 INFO  : Context for processor 'ps7_cortexa9_0' is selected.
16:30:10 INFO  : The application 'D:/intel_project/AX7015/new/update/release/01_ps_led/ps_led.sdk/ps_led_test/Debug/ps_led_test.elf' is downloaded to processor 'ps7_cortexa9_0'.
16:30:10 INFO  : 'configparams force-mem-access 0' command is executed.
16:30:10 INFO  : ----------------XSDB Script----------------
connect -url tcp:127.0.0.1:3121
source D:/intel_project/AX7015/new/update/release/01_ps_led/ps_led.sdk/top_wrapper_hw_platform_0/ps7_init.tcl
targets -set -nocase -filter {name =~"APU*" && jtag_cable_name =~ "Digilent JTAG-HS1 210512180081"} -index 0
loadhw -hw D:/intel_project/AX7015/new/update/release/01_ps_led/ps_led.sdk/top_wrapper_hw_platform_0/system.hdf -mem-ranges [list {0x40000000 0xbfffffff}]
configparams force-mem-access 1
targets -set -nocase -filter {name =~"APU*" && jtag_cable_name =~ "Digilent JTAG-HS1 210512180081"} -index 0
stop
ps7_init
ps7_post_config
targets -set -nocase -filter {name =~ "ARM*#0" && jtag_cable_name =~ "Digilent JTAG-HS1 210512180081"} -index 0
rst -processor
targets -set -nocase -filter {name =~ "ARM*#0" && jtag_cable_name =~ "Digilent JTAG-HS1 210512180081"} -index 0
dow D:/intel_project/AX7015/new/update/release/01_ps_led/ps_led.sdk/ps_led_test/Debug/ps_led_test.elf
configparams force-mem-access 0
----------------End of Script----------------

16:30:10 INFO  : Context for processor 'ps7_cortexa9_0' is selected.
16:30:10 INFO  : 'con' command is executed.
16:30:10 INFO  : ----------------XSDB Script (After Launch)----------------
targets -set -nocase -filter {name =~ "ARM*#0" && jtag_cable_name =~ "Digilent JTAG-HS1 210512180081"} -index 0
con
----------------End of Script----------------

16:30:10 INFO  : Launch script is exported to file 'D:\intel_project\AX7015\new\update\release\01_ps_led\ps_led.sdk\.sdk\launch_scripts\xilinx_c-c++_application_(system_debugger)\system_debugger_using_debug_ps_led_test.elf_on_local.tcl'
16:34:24 INFO  : Invoking Bootgen: bootgen -image output.bif -arch zynq -o D:\intel_project\AX7015\new\update\release\01_ps_led\bootimage\BOOT.bin
16:34:24 INFO  : Creating new bif file D:\intel_project\AX7015\new\update\release\01_ps_led\bootimage\output.bif
16:34:25 INFO  : Bootgen command execution is done.
16:35:21 INFO  : Disconnected from the channel tcfchan#1.
10:57:28 INFO  : Registering command handlers for SDK TCF services
10:57:28 INFO  : Launching XSCT server: xsct.bat -interactive F:\intel_project\AX7021_SDK_UPDATE\01_ps_led\ps_led.sdk\temp_xsdb_launch_script.tcl
10:57:31 INFO  : XSCT server has started successfully.
10:57:31 INFO  : Successfully done setting XSCT server connection channel  
10:57:32 INFO  : Successfully done setting SDK workspace  
10:57:32 INFO  : Processing command line option -hwspec F:/intel_project/AX7021_SDK_UPDATE/01_ps_led/ps_led.sdk/top_wrapper.hdf.
10:58:05 INFO  : Connected to target on host '127.0.0.1' and port '3121'.
10:58:15 INFO  : ----------------XSDB Script----------------
connect -url tcp:127.0.0.1:3121
----------------End of Script----------------

10:58:37 INFO  : Connected to target on host '127.0.0.1' and port '3121'.
10:58:38 WARN  : Part name present in the hardware specification 'xc7z015clg485-2' doesn't match the one present on the target 'xc7z020'.
10:58:48 INFO  : Jtag cable 'Digilent JTAG-HS1 210512180081' is selected.
10:58:48 INFO  : 'jtag frequency' command is executed.
10:58:48 INFO  : Sourcing of 'F:/intel_project/AX7021_SDK_UPDATE/01_ps_led/ps_led.sdk/top_wrapper_hw_platform_0/ps7_init.tcl' is done.
10:58:48 INFO  : Context for 'APU' is selected.
10:58:48 INFO  : Hardware design information is loaded from 'F:/intel_project/AX7021_SDK_UPDATE/01_ps_led/ps_led.sdk/top_wrapper_hw_platform_0/system.hdf'.
10:58:48 INFO  : 'configparams force-mem-access 1' command is executed.
10:58:48 INFO  : Context for 'APU' is selected.
10:58:48 INFO  : 'stop' command is executed.
10:58:48 INFO  : 'ps7_init' command is executed.
10:58:48 INFO  : 'ps7_post_config' command is executed.
10:58:48 INFO  : Context for processor 'ps7_cortexa9_0' is selected.
10:58:48 INFO  : Processor reset is completed for 'ps7_cortexa9_0'.
10:58:48 INFO  : Context for processor 'ps7_cortexa9_0' is selected.
10:58:49 INFO  : The application 'F:/intel_project/AX7021_SDK_UPDATE/01_ps_led/ps_led.sdk/ps_led_test/Debug/ps_led_test.elf' is downloaded to processor 'ps7_cortexa9_0'.
10:58:49 INFO  : 'configparams force-mem-access 0' command is executed.
10:58:49 INFO  : ----------------XSDB Script----------------
connect -url tcp:127.0.0.1:3121
source F:/intel_project/AX7021_SDK_UPDATE/01_ps_led/ps_led.sdk/top_wrapper_hw_platform_0/ps7_init.tcl
targets -set -nocase -filter {name =~"APU*" && jtag_cable_name =~ "Digilent JTAG-HS1 210512180081"} -index 0
loadhw -hw F:/intel_project/AX7021_SDK_UPDATE/01_ps_led/ps_led.sdk/top_wrapper_hw_platform_0/system.hdf -mem-ranges [list {0x40000000 0xbfffffff}]
configparams force-mem-access 1
targets -set -nocase -filter {name =~"APU*" && jtag_cable_name =~ "Digilent JTAG-HS1 210512180081"} -index 0
stop
ps7_init
ps7_post_config
targets -set -nocase -filter {name =~ "ARM*#0" && jtag_cable_name =~ "Digilent JTAG-HS1 210512180081"} -index 0
rst -processor
targets -set -nocase -filter {name =~ "ARM*#0" && jtag_cable_name =~ "Digilent JTAG-HS1 210512180081"} -index 0
dow F:/intel_project/AX7021_SDK_UPDATE/01_ps_led/ps_led.sdk/ps_led_test/Debug/ps_led_test.elf
configparams force-mem-access 0
----------------End of Script----------------

10:58:49 INFO  : Context for processor 'ps7_cortexa9_0' is selected.
10:58:49 INFO  : 'con' command is executed.
10:58:49 INFO  : ----------------XSDB Script (After Launch)----------------
targets -set -nocase -filter {name =~ "ARM*#0" && jtag_cable_name =~ "Digilent JTAG-HS1 210512180081"} -index 0
con
----------------End of Script----------------

10:58:49 INFO  : Launch script is exported to file 'F:\intel_project\AX7021_SDK_UPDATE\01_ps_led\ps_led.sdk\.sdk\launch_scripts\xilinx_c-c++_application_(system_debugger)\system_debugger_using_debug_ps_led_test.elf_on_local.tcl'
10:59:14 INFO  : SDK has detected change in the last modified timestamps for source hardware specification file Source:1537239554919,  Project:1537239436543
10:59:14 INFO  : Project top_wrapper_hw_platform_0's source hardware specification located at F:/intel_project/AX7021_SDK_UPDATE/01_ps_led/ps_led.sdk/top_wrapper.hdf is now different from the local copy.
		 The local copy will be replaced with the source specification and your workspace will be updated.
10:59:17 INFO  : Copied contents of F:/intel_project/AX7021_SDK_UPDATE/01_ps_led/ps_led.sdk/top_wrapper.hdf into \top_wrapper_hw_platform_0\system.hdf.
10:59:21 INFO  : Synchronizing projects in the workspace with the hardware platform specification changes.
10:59:24 INFO  : 
10:59:25 INFO  : Updating hardware inferred compiler options for ps_led_test.
10:59:25 INFO  : Clearing existing target manager status.
10:59:25 WARN  : Given IPC port value is invalid. Using default port 2350
10:59:25 WARN  : Given XMD timeout value is invalid. Using default value of 50000
10:59:26 WARN  : Given XMD transaction timeout value is invalid. Using default value of 60000 milli seconds
10:59:26 INFO  : Workspace synchronized with the new hardware specification file. Cleaning dependent projects...
10:59:28 WARN  : Linker script will not be updated automatically. Users need to update it manually.
11:00:26 INFO  : Disconnected from the channel tcfchan#1.
11:00:27 INFO  : Connected to target on host '127.0.0.1' and port '3121'.
11:00:27 INFO  : Jtag cable 'Digilent JTAG-HS1 210512180081' is selected.
11:00:27 INFO  : 'jtag frequency' command is executed.
11:00:27 INFO  : Sourcing of 'F:/intel_project/AX7021_SDK_UPDATE/01_ps_led/ps_led.sdk/top_wrapper_hw_platform_0/ps7_init.tcl' is done.
11:00:27 INFO  : Context for 'APU' is selected.
11:00:28 INFO  : Hardware design information is loaded from 'F:/intel_project/AX7021_SDK_UPDATE/01_ps_led/ps_led.sdk/top_wrapper_hw_platform_0/system.hdf'.
11:00:28 INFO  : 'configparams force-mem-access 1' command is executed.
11:00:28 INFO  : Context for 'APU' is selected.
11:00:28 INFO  : 'stop' command is executed.
11:00:28 INFO  : 'ps7_init' command is executed.
11:00:28 INFO  : 'ps7_post_config' command is executed.
11:00:28 INFO  : Context for processor 'ps7_cortexa9_0' is selected.
11:00:28 INFO  : Processor reset is completed for 'ps7_cortexa9_0'.
11:00:28 INFO  : Context for processor 'ps7_cortexa9_0' is selected.
11:00:28 INFO  : The application 'F:/intel_project/AX7021_SDK_UPDATE/01_ps_led/ps_led.sdk/ps_led_test/Debug/ps_led_test.elf' is downloaded to processor 'ps7_cortexa9_0'.
11:00:28 INFO  : 'configparams force-mem-access 0' command is executed.
11:00:28 INFO  : ----------------XSDB Script----------------
connect -url tcp:127.0.0.1:3121
source F:/intel_project/AX7021_SDK_UPDATE/01_ps_led/ps_led.sdk/top_wrapper_hw_platform_0/ps7_init.tcl
targets -set -nocase -filter {name =~"APU*" && jtag_cable_name =~ "Digilent JTAG-HS1 210512180081"} -index 0
loadhw -hw F:/intel_project/AX7021_SDK_UPDATE/01_ps_led/ps_led.sdk/top_wrapper_hw_platform_0/system.hdf -mem-ranges [list {0x40000000 0xbfffffff}]
configparams force-mem-access 1
targets -set -nocase -filter {name =~"APU*" && jtag_cable_name =~ "Digilent JTAG-HS1 210512180081"} -index 0
stop
ps7_init
ps7_post_config
targets -set -nocase -filter {name =~ "ARM*#0" && jtag_cable_name =~ "Digilent JTAG-HS1 210512180081"} -index 0
rst -processor
targets -set -nocase -filter {name =~ "ARM*#0" && jtag_cable_name =~ "Digilent JTAG-HS1 210512180081"} -index 0
dow F:/intel_project/AX7021_SDK_UPDATE/01_ps_led/ps_led.sdk/ps_led_test/Debug/ps_led_test.elf
configparams force-mem-access 0
----------------End of Script----------------

11:00:28 INFO  : Context for processor 'ps7_cortexa9_0' is selected.
11:00:28 INFO  : 'con' command is executed.
11:00:28 INFO  : ----------------XSDB Script (After Launch)----------------
targets -set -nocase -filter {name =~ "ARM*#0" && jtag_cable_name =~ "Digilent JTAG-HS1 210512180081"} -index 0
con
----------------End of Script----------------

11:00:28 INFO  : Launch script is exported to file 'F:\intel_project\AX7021_SDK_UPDATE\01_ps_led\ps_led.sdk\.sdk\launch_scripts\xilinx_c-c++_application_(system_debugger)\system_debugger_using_debug_ps_led_test.elf_on_local.tcl'
11:05:59 INFO  : Disconnected from the channel tcfchan#2.
11:06:00 ERROR : Unexpected error while parsing XMD response ?: com.google.gson.JsonSyntaxException: com.google.gson.stream.MalformedJsonException: invalid number or unquoted string near 
14:22:48 INFO  : Registering command handlers for SDK TCF services
14:22:49 INFO  : Launching XSCT server: xsct.bat -interactive F:\intel_project\AX7020\update2017p4\01_ps_led\ps_led.sdk\temp_xsdb_launch_script.tcl
14:22:51 INFO  : XSCT server has started successfully.
14:22:52 INFO  : Successfully done setting XSCT server connection channel  
14:22:52 INFO  : Processing command line option -hwspec F:/intel_project/AX7020/update2017p4/01_ps_led/ps_led.sdk/top_wrapper.hdf.
14:22:52 INFO  : Successfully done setting SDK workspace  
14:24:18 INFO  : SDK has detected change in the last modified timestamps for source hardware specification file Source:1537424656730,  Project:1537239555084
14:24:18 INFO  : Project top_wrapper_hw_platform_0's source hardware specification located at F:/intel_project/AX7020/update2017p4/01_ps_led/ps_led.sdk/top_wrapper.hdf is now different from the local copy.
		 The local copy will be replaced with the source specification and your workspace will be updated.
14:24:19 INFO  : Copied contents of F:/intel_project/AX7020/update2017p4/01_ps_led/ps_led.sdk/top_wrapper.hdf into \top_wrapper_hw_platform_0\system.hdf.
14:24:22 INFO  : Synchronizing projects in the workspace with the hardware platform specification changes.
14:24:25 INFO  : 
14:24:26 INFO  : Updating hardware inferred compiler options for ps_led_test.
14:24:26 INFO  : Clearing existing target manager status.
14:24:26 WARN  : Given IPC port value is invalid. Using default port 2350
14:24:26 WARN  : Given XMD timeout value is invalid. Using default value of 50000
14:24:27 WARN  : Given XMD transaction timeout value is invalid. Using default value of 60000 milli seconds
14:24:27 INFO  : Workspace synchronized with the new hardware specification file. Cleaning dependent projects...
14:24:29 WARN  : Linker script will not be updated automatically. Users need to update it manually.
14:26:37 INFO  : Connected to target on host '127.0.0.1' and port '3121'.
14:26:38 INFO  : Jtag cable 'Digilent JTAG-HS1 210512180081' is selected.
14:26:38 INFO  : 'jtag frequency' command is executed.
14:26:38 INFO  : Sourcing of 'F:/intel_project/AX7020/update2017p4/01_ps_led/ps_led.sdk/top_wrapper_hw_platform_0/ps7_init.tcl' is done.
14:26:38 INFO  : Context for 'APU' is selected.
14:26:38 INFO  : Hardware design information is loaded from 'F:/intel_project/AX7020/update2017p4/01_ps_led/ps_led.sdk/top_wrapper_hw_platform_0/system.hdf'.
14:26:38 INFO  : 'configparams force-mem-access 1' command is executed.
14:26:38 INFO  : Context for 'APU' is selected.
14:26:38 INFO  : 'stop' command is executed.
14:26:38 INFO  : 'ps7_init' command is executed.
14:26:38 INFO  : 'ps7_post_config' command is executed.
14:26:38 INFO  : Context for processor 'ps7_cortexa9_0' is selected.
14:26:38 INFO  : Processor reset is completed for 'ps7_cortexa9_0'.
14:26:38 INFO  : Context for processor 'ps7_cortexa9_0' is selected.
14:26:38 INFO  : The application 'F:/intel_project/AX7020/update2017p4/01_ps_led/ps_led.sdk/ps_led_test/Debug/ps_led_test.elf' is downloaded to processor 'ps7_cortexa9_0'.
14:26:38 INFO  : 'configparams force-mem-access 0' command is executed.
14:26:38 INFO  : ----------------XSDB Script----------------
connect -url tcp:127.0.0.1:3121
source F:/intel_project/AX7020/update2017p4/01_ps_led/ps_led.sdk/top_wrapper_hw_platform_0/ps7_init.tcl
targets -set -nocase -filter {name =~"APU*" && jtag_cable_name =~ "Digilent JTAG-HS1 210512180081"} -index 0
loadhw -hw F:/intel_project/AX7020/update2017p4/01_ps_led/ps_led.sdk/top_wrapper_hw_platform_0/system.hdf -mem-ranges [list {0x40000000 0xbfffffff}]
configparams force-mem-access 1
targets -set -nocase -filter {name =~"APU*" && jtag_cable_name =~ "Digilent JTAG-HS1 210512180081"} -index 0
stop
ps7_init
ps7_post_config
targets -set -nocase -filter {name =~ "ARM*#0" && jtag_cable_name =~ "Digilent JTAG-HS1 210512180081"} -index 0
rst -processor
targets -set -nocase -filter {name =~ "ARM*#0" && jtag_cable_name =~ "Digilent JTAG-HS1 210512180081"} -index 0
dow F:/intel_project/AX7020/update2017p4/01_ps_led/ps_led.sdk/ps_led_test/Debug/ps_led_test.elf
configparams force-mem-access 0
----------------End of Script----------------

14:26:39 INFO  : Context for processor 'ps7_cortexa9_0' is selected.
14:26:39 INFO  : 'con' command is executed.
14:26:39 INFO  : ----------------XSDB Script (After Launch)----------------
targets -set -nocase -filter {name =~ "ARM*#0" && jtag_cable_name =~ "Digilent JTAG-HS1 210512180081"} -index 0
con
----------------End of Script----------------

14:26:39 INFO  : Launch script is exported to file 'F:\intel_project\AX7020\update2017p4\01_ps_led\ps_led.sdk\.sdk\launch_scripts\xilinx_c-c++_application_(system_debugger)\system_debugger_using_debug_ps_led_test.elf_on_local.tcl'
14:27:00 INFO  : Disconnected from the channel tcfchan#1.
14:27:01 INFO  : Connected to target on host '127.0.0.1' and port '3121'.
14:27:02 INFO  : Jtag cable 'Digilent JTAG-HS1 210512180081' is selected.
14:27:02 INFO  : 'jtag frequency' command is executed.
14:27:02 INFO  : Sourcing of 'F:/intel_project/AX7020/update2017p4/01_ps_led/ps_led.sdk/top_wrapper_hw_platform_0/ps7_init.tcl' is done.
14:27:02 INFO  : Context for 'APU' is selected.
14:27:03 INFO  : Hardware design information is loaded from 'F:/intel_project/AX7020/update2017p4/01_ps_led/ps_led.sdk/top_wrapper_hw_platform_0/system.hdf'.
14:27:03 INFO  : 'configparams force-mem-access 1' command is executed.
14:27:03 INFO  : Context for 'APU' is selected.
14:27:03 INFO  : 'stop' command is executed.
14:27:04 INFO  : 'ps7_init' command is executed.
14:27:04 INFO  : 'ps7_post_config' command is executed.
14:27:04 INFO  : Context for processor 'ps7_cortexa9_0' is selected.
14:27:04 INFO  : Processor reset is completed for 'ps7_cortexa9_0'.
14:27:04 INFO  : Context for processor 'ps7_cortexa9_0' is selected.
14:27:04 INFO  : The application 'F:/intel_project/AX7020/update2017p4/01_ps_led/ps_led.sdk/ps_led_test/Debug/ps_led_test.elf' is downloaded to processor 'ps7_cortexa9_0'.
14:27:04 INFO  : 'configparams force-mem-access 0' command is executed.
14:27:04 INFO  : ----------------XSDB Script----------------
connect -url tcp:127.0.0.1:3121
source F:/intel_project/AX7020/update2017p4/01_ps_led/ps_led.sdk/top_wrapper_hw_platform_0/ps7_init.tcl
targets -set -nocase -filter {name =~"APU*" && jtag_cable_name =~ "Digilent JTAG-HS1 210512180081"} -index 0
loadhw -hw F:/intel_project/AX7020/update2017p4/01_ps_led/ps_led.sdk/top_wrapper_hw_platform_0/system.hdf -mem-ranges [list {0x40000000 0xbfffffff}]
configparams force-mem-access 1
targets -set -nocase -filter {name =~"APU*" && jtag_cable_name =~ "Digilent JTAG-HS1 210512180081"} -index 0
stop
ps7_init
ps7_post_config
targets -set -nocase -filter {name =~ "ARM*#0" && jtag_cable_name =~ "Digilent JTAG-HS1 210512180081"} -index 0
rst -processor
targets -set -nocase -filter {name =~ "ARM*#0" && jtag_cable_name =~ "Digilent JTAG-HS1 210512180081"} -index 0
dow F:/intel_project/AX7020/update2017p4/01_ps_led/ps_led.sdk/ps_led_test/Debug/ps_led_test.elf
configparams force-mem-access 0
----------------End of Script----------------

14:27:04 INFO  : Context for processor 'ps7_cortexa9_0' is selected.
14:27:04 INFO  : 'con' command is executed.
14:27:04 INFO  : ----------------XSDB Script (After Launch)----------------
targets -set -nocase -filter {name =~ "ARM*#0" && jtag_cable_name =~ "Digilent JTAG-HS1 210512180081"} -index 0
con
----------------End of Script----------------

14:27:04 INFO  : Launch script is exported to file 'F:\intel_project\AX7020\update2017p4\01_ps_led\ps_led.sdk\.sdk\launch_scripts\xilinx_c-c++_application_(system_debugger)\system_debugger_using_debug_ps_led_test.elf_on_local.tcl'
14:28:03 INFO  : Disconnected from the channel tcfchan#2.
14:28:04 INFO  : Connected to target on host '127.0.0.1' and port '3121'.
14:28:04 INFO  : Jtag cable 'Digilent JTAG-HS1 210512180081' is selected.
14:28:04 INFO  : 'jtag frequency' command is executed.
14:28:04 INFO  : Sourcing of 'F:/intel_project/AX7020/update2017p4/01_ps_led/ps_led.sdk/top_wrapper_hw_platform_0/ps7_init.tcl' is done.
14:28:04 INFO  : Context for 'APU' is selected.
14:28:04 INFO  : Hardware design information is loaded from 'F:/intel_project/AX7020/update2017p4/01_ps_led/ps_led.sdk/top_wrapper_hw_platform_0/system.hdf'.
14:28:04 INFO  : 'configparams force-mem-access 1' command is executed.
14:28:04 INFO  : Context for 'APU' is selected.
14:28:04 INFO  : 'stop' command is executed.
14:28:05 INFO  : 'ps7_init' command is executed.
14:28:05 INFO  : 'ps7_post_config' command is executed.
14:28:05 INFO  : Context for processor 'ps7_cortexa9_0' is selected.
14:28:05 INFO  : Processor reset is completed for 'ps7_cortexa9_0'.
14:28:05 INFO  : Context for processor 'ps7_cortexa9_0' is selected.
14:28:05 INFO  : The application 'F:/intel_project/AX7020/update2017p4/01_ps_led/ps_led.sdk/ps_led_test/Debug/ps_led_test.elf' is downloaded to processor 'ps7_cortexa9_0'.
14:28:05 INFO  : 'configparams force-mem-access 0' command is executed.
14:28:05 INFO  : ----------------XSDB Script----------------
connect -url tcp:127.0.0.1:3121
source F:/intel_project/AX7020/update2017p4/01_ps_led/ps_led.sdk/top_wrapper_hw_platform_0/ps7_init.tcl
targets -set -nocase -filter {name =~"APU*" && jtag_cable_name =~ "Digilent JTAG-HS1 210512180081"} -index 0
loadhw -hw F:/intel_project/AX7020/update2017p4/01_ps_led/ps_led.sdk/top_wrapper_hw_platform_0/system.hdf -mem-ranges [list {0x40000000 0xbfffffff}]
configparams force-mem-access 1
targets -set -nocase -filter {name =~"APU*" && jtag_cable_name =~ "Digilent JTAG-HS1 210512180081"} -index 0
stop
ps7_init
ps7_post_config
targets -set -nocase -filter {name =~ "ARM*#0" && jtag_cable_name =~ "Digilent JTAG-HS1 210512180081"} -index 0
rst -processor
targets -set -nocase -filter {name =~ "ARM*#0" && jtag_cable_name =~ "Digilent JTAG-HS1 210512180081"} -index 0
dow F:/intel_project/AX7020/update2017p4/01_ps_led/ps_led.sdk/ps_led_test/Debug/ps_led_test.elf
configparams force-mem-access 0
----------------End of Script----------------

14:28:05 INFO  : Context for processor 'ps7_cortexa9_0' is selected.
14:28:05 INFO  : 'con' command is executed.
14:28:05 INFO  : ----------------XSDB Script (After Launch)----------------
targets -set -nocase -filter {name =~ "ARM*#0" && jtag_cable_name =~ "Digilent JTAG-HS1 210512180081"} -index 0
con
----------------End of Script----------------

14:28:05 INFO  : Launch script is exported to file 'F:\intel_project\AX7020\update2017p4\01_ps_led\ps_led.sdk\.sdk\launch_scripts\xilinx_c-c++_application_(system_debugger)\system_debugger_using_debug_ps_led_test.elf_on_local.tcl'
14:28:33 INFO  : Disconnected from the channel tcfchan#3.
14:28:34 INFO  : Connected to target on host '127.0.0.1' and port '3121'.
14:28:34 INFO  : Jtag cable 'Digilent JTAG-HS1 210512180081' is selected.
14:28:34 INFO  : 'jtag frequency' command is executed.
14:28:34 INFO  : Sourcing of 'F:/intel_project/AX7020/update2017p4/01_ps_led/ps_led.sdk/top_wrapper_hw_platform_0/ps7_init.tcl' is done.
14:28:34 INFO  : Context for 'APU' is selected.
14:28:34 INFO  : Hardware design information is loaded from 'F:/intel_project/AX7020/update2017p4/01_ps_led/ps_led.sdk/top_wrapper_hw_platform_0/system.hdf'.
14:28:34 INFO  : 'configparams force-mem-access 1' command is executed.
14:28:34 INFO  : Context for 'APU' is selected.
14:28:34 INFO  : 'stop' command is executed.
14:28:35 INFO  : 'ps7_init' command is executed.
14:28:35 INFO  : 'ps7_post_config' command is executed.
14:28:35 INFO  : Context for processor 'ps7_cortexa9_0' is selected.
14:28:35 INFO  : Processor reset is completed for 'ps7_cortexa9_0'.
14:28:35 INFO  : Context for processor 'ps7_cortexa9_0' is selected.
14:28:35 INFO  : The application 'F:/intel_project/AX7020/update2017p4/01_ps_led/ps_led.sdk/ps_led_test/Debug/ps_led_test.elf' is downloaded to processor 'ps7_cortexa9_0'.
14:28:35 INFO  : 'configparams force-mem-access 0' command is executed.
14:28:35 INFO  : ----------------XSDB Script----------------
connect -url tcp:127.0.0.1:3121
source F:/intel_project/AX7020/update2017p4/01_ps_led/ps_led.sdk/top_wrapper_hw_platform_0/ps7_init.tcl
targets -set -nocase -filter {name =~"APU*" && jtag_cable_name =~ "Digilent JTAG-HS1 210512180081"} -index 0
loadhw -hw F:/intel_project/AX7020/update2017p4/01_ps_led/ps_led.sdk/top_wrapper_hw_platform_0/system.hdf -mem-ranges [list {0x40000000 0xbfffffff}]
configparams force-mem-access 1
targets -set -nocase -filter {name =~"APU*" && jtag_cable_name =~ "Digilent JTAG-HS1 210512180081"} -index 0
stop
ps7_init
ps7_post_config
targets -set -nocase -filter {name =~ "ARM*#0" && jtag_cable_name =~ "Digilent JTAG-HS1 210512180081"} -index 0
rst -processor
targets -set -nocase -filter {name =~ "ARM*#0" && jtag_cable_name =~ "Digilent JTAG-HS1 210512180081"} -index 0
dow F:/intel_project/AX7020/update2017p4/01_ps_led/ps_led.sdk/ps_led_test/Debug/ps_led_test.elf
configparams force-mem-access 0
----------------End of Script----------------

14:28:35 INFO  : Context for processor 'ps7_cortexa9_0' is selected.
14:28:35 INFO  : 'con' command is executed.
14:28:35 INFO  : ----------------XSDB Script (After Launch)----------------
targets -set -nocase -filter {name =~ "ARM*#0" && jtag_cable_name =~ "Digilent JTAG-HS1 210512180081"} -index 0
con
----------------End of Script----------------

14:28:35 INFO  : Launch script is exported to file 'F:\intel_project\AX7020\update2017p4\01_ps_led\ps_led.sdk\.sdk\launch_scripts\xilinx_c-c++_application_(system_debugger)\system_debugger_using_debug_ps_led_test.elf_on_local.tcl'
14:30:04 INFO  : Invoking Bootgen: bootgen -image ps_led_test.bif -arch zynq -o F:\intel_project\AX7020\update2017p4\01_ps_led\bootimage\BOOT.bin -w on
14:30:04 INFO  : Creating new bif file F:\intel_project\AX7020\update2017p4\01_ps_led\bootimage\ps_led_test.bif
14:30:04 INFO  : Bootgen command execution is done.
14:37:13 ERROR : (XSDB Server)ERROR: [Hsi 55-1403] F:/intel_project/AX7020/update2017p4/01_ps_led/ps_led.sdk/fsbl_bsp/system.mss line 195 - No I
14:37:13 ERROR : (XSDB Server)P instance named ps7_sd_1 present in hardware design

14:37:13 ERROR : (XSDB Server)ERROR: [Hsi 55-1452] Error: runnin
14:37:13 ERROR : (XSDB Server)g open_sw_design.

14:37:13 ERROR :  [Common 17-39] 'hsi::open_sw_design' failed due to earlier errors.
14:37:13 ERROR : (XSDB Server)ERROR: [Hsi 55-1403] F:/intel_project/AX7020/update2017p4/01_ps_led/ps_led.sdk/fsbl_bsp/syste
14:37:13 ERROR : (XSDB Server)m.mss line 195 - No IP instance named ps7_sd_1 present in hardware design

14:37:13 ERROR : (XSDB Server)ERROR: [Hsi 55-1452] Error
14:37:13 ERROR : (XSDB Server): running open_sw_design.

14:37:13 INFO  : Unable to read in MSS file F:\intel_project\AX7020\update2017p4\01_ps_led\ps_led.sdk\fsbl_bsp\system.mss : null
14:37:13 ERROR : Failed to closesw "F:/intel_project/AX7020/update2017p4/01_ps_led/ps_led.sdk/fsbl_bsp/system.mss"
Reason: Cannot close sw design 'F:/intel_project/AX7020/update2017p4/01_ps_led/ps_led.sdk/fsbl_bsp/system.mss'.
Design is not opened in the current session.


14:37:15 INFO  : Disconnected from the channel tcfchan#4.
14:37:17 ERROR : Unexpected error while parsing XMD response ?: com.google.gson.JsonSyntaxException: com.google.gson.stream.MalformedJsonException: invalid number or unquoted string near 
11:06:51 INFO  : Registering command handlers for SDK TCF services
11:06:51 INFO  : Launching XSCT server: xsct.bat -interactive F:\intel_project\AX7020\update2017p4\01_ps_led\ps_led.sdk\temp_xsdb_launch_script.tcl
11:06:54 INFO  : XSCT server has started successfully.
11:06:54 INFO  : Successfully done setting XSCT server connection channel  
11:06:56 INFO  : Successfully done setting SDK workspace  
11:06:56 INFO  : Processing command line option -hwspec F:/intel_project/AX7020/update2017p4/01_ps_led/ps_led.sdk/top_wrapper.hdf.
11:06:56 INFO  : Checking for hwspec changes in the project top_wrapper_hw_platform_0.
11:07:06 INFO  : SDK has detected change in the last modified timestamps for source hardware specification file Source:1537495385948,  Project:1537424656730
11:07:06 INFO  : Project top_wrapper_hw_platform_0's source hardware specification located at F:/intel_project/AX7020/update2017p4/01_ps_led/ps_led.sdk/top_wrapper.hdf is now different from the local copy.
		 The local copy will be replaced with the source specification and your workspace will be updated.
11:07:12 INFO  : Copied contents of F:/intel_project/AX7020/update2017p4/01_ps_led/ps_led.sdk/top_wrapper.hdf into \top_wrapper_hw_platform_0\system.hdf.
11:07:15 INFO  : Synchronizing projects in the workspace with the hardware platform specification changes.
11:07:18 INFO  : 
11:07:19 INFO  : Updating hardware inferred compiler options for ps_led_test.
11:07:19 INFO  : Clearing existing target manager status.
11:07:19 WARN  : Given IPC port value is invalid. Using default port 2350
11:07:19 WARN  : Given XMD timeout value is invalid. Using default value of 50000
11:07:20 WARN  : Given XMD transaction timeout value is invalid. Using default value of 60000 milli seconds
11:07:20 INFO  : Workspace synchronized with the new hardware specification file. Cleaning dependent projects...
11:07:22 WARN  : Linker script will not be updated automatically. Users need to update it manually.
11:08:45 INFO  : 'targets -set -filter {jtag_cable_name =~ "Digilent JTAG-HS1 210512180081" && level==0} -index 1' command is executed.
11:08:45 INFO  : 'fpga -state' command is executed.
11:08:45 INFO  : Connected to target on host '127.0.0.1' and port '3121'.
11:08:45 INFO  : Jtag cable 'Digilent JTAG-HS1 210512180081' is selected.
11:08:45 INFO  : 'jtag frequency' command is executed.
11:08:45 INFO  : Sourcing of 'F:/intel_project/AX7020/update2017p4/01_ps_led/ps_led.sdk/top_wrapper_hw_platform_0/ps7_init.tcl' is done.
11:08:45 INFO  : Context for 'APU' is selected.
11:08:45 INFO  : Hardware design information is loaded from 'F:/intel_project/AX7020/update2017p4/01_ps_led/ps_led.sdk/top_wrapper_hw_platform_0/system.hdf'.
11:08:45 INFO  : 'configparams force-mem-access 1' command is executed.
11:08:45 INFO  : Context for 'APU' is selected.
11:08:45 INFO  : 'stop' command is executed.
11:08:46 INFO  : 'ps7_init' command is executed.
11:08:46 INFO  : 'ps7_post_config' command is executed.
11:08:46 INFO  : Context for processor 'ps7_cortexa9_0' is selected.
11:08:46 INFO  : Processor reset is completed for 'ps7_cortexa9_0'.
11:08:46 INFO  : Context for processor 'ps7_cortexa9_0' is selected.
11:08:46 INFO  : The application 'F:/intel_project/AX7020/update2017p4/01_ps_led/ps_led.sdk/ps_led_test/Debug/ps_led_test.elf' is downloaded to processor 'ps7_cortexa9_0'.
11:08:46 INFO  : 'configparams force-mem-access 0' command is executed.
11:08:46 INFO  : ----------------XSDB Script----------------
connect -url tcp:127.0.0.1:3121
source F:/intel_project/AX7020/update2017p4/01_ps_led/ps_led.sdk/top_wrapper_hw_platform_0/ps7_init.tcl
targets -set -nocase -filter {name =~"APU*" && jtag_cable_name =~ "Digilent JTAG-HS1 210512180081"} -index 0
loadhw -hw F:/intel_project/AX7020/update2017p4/01_ps_led/ps_led.sdk/top_wrapper_hw_platform_0/system.hdf -mem-ranges [list {0x40000000 0xbfffffff}]
configparams force-mem-access 1
targets -set -nocase -filter {name =~"APU*" && jtag_cable_name =~ "Digilent JTAG-HS1 210512180081"} -index 0
stop
ps7_init
ps7_post_config
targets -set -nocase -filter {name =~ "ARM*#0" && jtag_cable_name =~ "Digilent JTAG-HS1 210512180081"} -index 0
rst -processor
targets -set -nocase -filter {name =~ "ARM*#0" && jtag_cable_name =~ "Digilent JTAG-HS1 210512180081"} -index 0
dow F:/intel_project/AX7020/update2017p4/01_ps_led/ps_led.sdk/ps_led_test/Debug/ps_led_test.elf
configparams force-mem-access 0
----------------End of Script----------------

11:08:46 INFO  : Memory regions updated for context APU
11:08:46 INFO  : Context for processor 'ps7_cortexa9_0' is selected.
11:08:46 INFO  : 'con' command is executed.
11:08:46 INFO  : ----------------XSDB Script (After Launch)----------------
targets -set -nocase -filter {name =~ "ARM*#0" && jtag_cable_name =~ "Digilent JTAG-HS1 210512180081"} -index 0
con
----------------End of Script----------------

11:08:46 INFO  : Launch script is exported to file 'F:\intel_project\AX7020\update2017p4\01_ps_led\ps_led.sdk\.sdk\launch_scripts\xilinx_c-c++_application_(system_debugger)\system_debugger_using_debug_ps_led_test.elf_on_local.tcl'
11:10:40 INFO  : Invoking Bootgen: bootgen -image ps_led_test.bif -arch zynq -o F:\intel_project\AX7020\update2017p4\01_ps_led\bootimage\BOOT.bin -w on
11:10:40 INFO  : Overwriting existing bif file F:\intel_project\AX7020\update2017p4\01_ps_led\bootimage\ps_led_test.bif
11:10:41 INFO  : Bootgen command execution is done.
11:14:52 ERROR : (XSDB Server)ERROR: [Hsi 55-1403] F:/intel_project/AX7020/update2017p4/01_ps_led/ps_led.sdk/fsbl_bs
11:14:52 ERROR : (XSDB Server)p/system.mss line 195 - No IP instance named ps7_sd_1 present in hardware design

11:14:52 ERROR : (XSDB Server)ERROR: [Hsi 55-1452] Error: running open_sw_design.

11:14:52 ERROR :  [Common 17-39] 'hsi::open_sw_design' failed due to earlier errors.
11:14:52 ERROR : (XSDB Server)ERROR: [Hsi 55-1403] F:/intel_project
11:14:52 ERROR : (XSDB Server)/AX7020/update2017p4/01_ps_led/ps_led.sdk/fsbl_bsp/system.mss line 195 - No IP instance named ps
11:14:52 ERROR : (XSDB Server)7_sd_1 present in hardware design

11:14:52 ERROR : (XSDB Server)ERROR: [Hsi 55-1452] Error: running open_sw_design.

11:14:52 INFO  : Unable to read in MSS file F:\intel_project\AX7020\update2017p4\01_ps_led\ps_led.sdk\fsbl_bsp\system.mss : null
11:14:52 ERROR : Failed to closesw "F:/intel_project/AX7020/update2017p4/01_ps_led/ps_led.sdk/fsbl_bsp/system.mss"
Reason: Cannot close sw design 'F:/intel_project/AX7020/update2017p4/01_ps_led/ps_led.sdk/fsbl_bsp/system.mss'.
Design is not opened in the current session.


11:14:55 INFO  : Disconnected from the channel tcfchan#1.
11:14:56 ERROR : Unexpected error while parsing XMD response ?: com.google.gson.JsonSyntaxException: com.google.gson.stream.MalformedJsonException: invalid number or unquoted string near 
13:17:47 INFO  : Registering command handlers for SDK TCF services
13:17:48 INFO  : Launching XSCT server: xsct.bat -interactive F:\intel_project\AX7010\01_ps_led\ps_led.sdk\temp_xsdb_launch_script.tcl
13:17:51 INFO  : XSCT server has started successfully.
13:17:52 INFO  : Successfully done setting XSCT server connection channel  
13:17:52 INFO  : Successfully done setting SDK workspace  
13:17:52 INFO  : Processing command line option -hwspec F:/intel_project/AX7010/01_ps_led/ps_led.sdk/top_wrapper.hdf.
13:18:27 INFO  : SDK has detected change in the last modified timestamps for source hardware specification file Source:1537593506186,  Project:1537495385948
13:18:27 INFO  : Project top_wrapper_hw_platform_0's source hardware specification located at F:/intel_project/AX7010/01_ps_led/ps_led.sdk/top_wrapper.hdf is now different from the local copy.
		 The local copy will be replaced with the source specification and your workspace will be updated.
13:18:29 INFO  : Copied contents of F:/intel_project/AX7010/01_ps_led/ps_led.sdk/top_wrapper.hdf into \top_wrapper_hw_platform_0\system.hdf.
13:18:31 INFO  : Synchronizing projects in the workspace with the hardware platform specification changes.
13:18:35 INFO  : 
13:18:35 INFO  : Updating hardware inferred compiler options for ps_led_test.
13:18:35 INFO  : Clearing existing target manager status.
13:18:35 WARN  : Given IPC port value is invalid. Using default port 2350
13:18:35 WARN  : Given XMD timeout value is invalid. Using default value of 50000
13:18:36 WARN  : Given XMD transaction timeout value is invalid. Using default value of 60000 milli seconds
13:18:37 INFO  : Workspace synchronized with the new hardware specification file. Cleaning dependent projects...
13:18:39 WARN  : Linker script will not be updated automatically. Users need to update it manually.
13:25:07 INFO  : Connected to target on host '127.0.0.1' and port '3121'.
13:25:08 INFO  : Jtag cable 'Digilent JTAG-HS1 210512180081' is selected.
13:25:08 INFO  : 'jtag frequency' command is executed.
13:25:08 INFO  : Sourcing of 'F:/intel_project/AX7010/01_ps_led/ps_led.sdk/top_wrapper_hw_platform_0/ps7_init.tcl' is done.
13:25:08 INFO  : Context for 'APU' is selected.
13:25:08 INFO  : Hardware design information is loaded from 'F:/intel_project/AX7010/01_ps_led/ps_led.sdk/top_wrapper_hw_platform_0/system.hdf'.
13:25:08 INFO  : 'configparams force-mem-access 1' command is executed.
13:25:08 INFO  : Context for 'APU' is selected.
13:25:08 INFO  : 'stop' command is executed.
13:25:09 INFO  : 'ps7_init' command is executed.
13:25:09 INFO  : 'ps7_post_config' command is executed.
13:25:09 INFO  : Context for processor 'ps7_cortexa9_0' is selected.
13:25:09 INFO  : Processor reset is completed for 'ps7_cortexa9_0'.
13:25:09 INFO  : Context for processor 'ps7_cortexa9_0' is selected.
13:25:09 INFO  : The application 'F:/intel_project/AX7010/01_ps_led/ps_led.sdk/ps_led_test/Debug/ps_led_test.elf' is downloaded to processor 'ps7_cortexa9_0'.
13:25:09 INFO  : 'configparams force-mem-access 0' command is executed.
13:25:09 INFO  : ----------------XSDB Script----------------
connect -url tcp:127.0.0.1:3121
source F:/intel_project/AX7010/01_ps_led/ps_led.sdk/top_wrapper_hw_platform_0/ps7_init.tcl
targets -set -nocase -filter {name =~"APU*" && jtag_cable_name =~ "Digilent JTAG-HS1 210512180081"} -index 0
loadhw -hw F:/intel_project/AX7010/01_ps_led/ps_led.sdk/top_wrapper_hw_platform_0/system.hdf -mem-ranges [list {0x40000000 0xbfffffff}]
configparams force-mem-access 1
targets -set -nocase -filter {name =~"APU*" && jtag_cable_name =~ "Digilent JTAG-HS1 210512180081"} -index 0
stop
ps7_init
ps7_post_config
targets -set -nocase -filter {name =~ "ARM*#0" && jtag_cable_name =~ "Digilent JTAG-HS1 210512180081"} -index 0
rst -processor
targets -set -nocase -filter {name =~ "ARM*#0" && jtag_cable_name =~ "Digilent JTAG-HS1 210512180081"} -index 0
dow F:/intel_project/AX7010/01_ps_led/ps_led.sdk/ps_led_test/Debug/ps_led_test.elf
configparams force-mem-access 0
----------------End of Script----------------

13:25:09 INFO  : Context for processor 'ps7_cortexa9_0' is selected.
13:25:09 INFO  : 'con' command is executed.
13:25:09 INFO  : ----------------XSDB Script (After Launch)----------------
targets -set -nocase -filter {name =~ "ARM*#0" && jtag_cable_name =~ "Digilent JTAG-HS1 210512180081"} -index 0
con
----------------End of Script----------------

13:25:09 INFO  : Launch script is exported to file 'F:\intel_project\AX7010\01_ps_led\ps_led.sdk\.sdk\launch_scripts\xilinx_c-c++_application_(system_debugger)\system_debugger_using_debug_ps_led_test.elf_on_local.tcl'
13:25:27 INFO  : Disconnected from the channel tcfchan#1.
13:25:28 ERROR : Unexpected error while parsing XMD response ?: com.google.gson.JsonSyntaxException: com.google.gson.stream.MalformedJsonException: invalid number or unquoted string near 
13:15:18 INFO  : Registering command handlers for SDK TCF services
13:15:19 INFO  : Launching XSCT server: xsct.bat -interactive F:\intel_project\AX7010\01_ps_led\ps_led.sdk\temp_xsdb_launch_script.tcl
13:15:21 INFO  : XSCT server has started successfully.
13:15:21 INFO  : Successfully done setting XSCT server connection channel  
13:15:22 INFO  : Successfully done setting SDK workspace  
13:17:44 INFO  : Invoking Bootgen: bootgen -image ps_led_test.bif -arch zynq -o F:\intel_project\AX7010\01_ps_led\bootimage\BOOT.bin -w on
13:17:44 INFO  : Overwriting existing bif file F:\intel_project\AX7010\01_ps_led\bootimage\ps_led_test.bif
13:17:45 INFO  : Bootgen command execution is done.
13:27:53 ERROR : (XSDB Server)ERROR: [Hsi 55-1403] F:/intel_project/AX7010/01_ps_led/ps_led.sdk/fsbl_bsp/system.mss line 195 - No IP instance named ps7_sd_1 present in hardware design

13:27:53 ERROR : (XSDB Server)ERROR: [Hsi 55-1452] Error: running o
13:27:53 ERROR : (XSDB Server)pen_sw_design.

13:27:53 ERROR :  [Common 17-39] 'hsi::open_sw_design' failed due to earlier errors.
13:27:53 ERROR : (XSDB Server)ERROR: [Hsi 55-1403] F:/
13:27:53 ERROR : (XSDB Server)intel_project/AX7010/01_ps_led/ps_led.sdk/fsbl_bsp/system.mss line 195 - No IP instance named ps7_sd_1 present in hard
13:27:53 ERROR : (XSDB Server)ware design

13:27:53 ERROR : (XSDB Server)ERROR: [Hsi 
13:27:53 ERROR : (XSDB Server)55-1452] Error: running open_sw_design.

13:27:53 INFO  : Unable to read in MSS file F:\intel_project\AX7010\01_ps_led\ps_led.sdk\fsbl_bsp\system.mss : null
13:27:53 ERROR : Failed to closesw "F:/intel_project/AX7010/01_ps_led/ps_led.sdk/fsbl_bsp/system.mss"
Reason: Cannot close sw design 'F:/intel_project/AX7010/01_ps_led/ps_led.sdk/fsbl_bsp/system.mss'.
Design is not opened in the current session.


